Copyright 1986-2022 Xilinx, Inc. All Rights Reserved. Copyright 2022-2024 Advanced Micro Devices, Inc. All Rights Reserved.
----------------------------------------------------------------------------------------------------------------------------------------------------------------------------------------------
| Tool Version     : Vivado v.2024.2 (win64) Build 5239630 Fri Nov 08 22:35:27 MST 2024
| Date             : Wed Jun 18 09:20:35 2025
| Host             : LAPTOP-6I567M9C running 64-bit major release  (build 9200)
| Command          : report_power -file Block_Diagram_IO_wrapper_power_routed.rpt -pb Block_Diagram_IO_wrapper_power_summary_routed.pb -rpx Block_Diagram_IO_wrapper_power_routed.rpx
| Design           : Block_Diagram_IO_wrapper
| Device           : xc7a100tcsg324-1
| Design State     : routed
| Grade            : commercial
| Process          : typical
| Characterization : Production
----------------------------------------------------------------------------------------------------------------------------------------------------------------------------------------------

Power Report

Table of Contents
-----------------
1. Summary
1.1 On-Chip Components
1.2 Power Supply Summary
1.3 Confidence Level
2. Settings
2.1 Environment
2.2 Clock Constraints
3. Detailed Reports
3.1 By Hierarchy

1. Summary
----------

+--------------------------+--------------+
| Total On-Chip Power (W)  | 0.226        |
| Design Power Budget (W)  | Unspecified* |
| Power Budget Margin (W)  | NA           |
| Dynamic (W)              | 0.128        |
| Device Static (W)        | 0.098        |
| Effective TJA (C/W)      | 4.6          |
| Max Ambient (C)          | 84.0         |
| Junction Temperature (C) | 26.0         |
| Confidence Level         | Low          |
| Setting File             | ---          |
| Simulation Activity File | ---          |
| Design Nets Matched      | NA           |
+--------------------------+--------------+
* Specify Design Power Budget using, set_operating_conditions -design_power_budget <value in Watts>


1.1 On-Chip Components
----------------------

+--------------------------+-----------+----------+-----------+-----------------+
| On-Chip                  | Power (W) | Used     | Available | Utilization (%) |
+--------------------------+-----------+----------+-----------+-----------------+
| Clocks                   |     0.009 |        7 |       --- |             --- |
| Slice Logic              |     0.004 |     4599 |       --- |             --- |
|   LUT as Logic           |     0.003 |     1557 |     63400 |            2.46 |
|   LUT as Distributed RAM |     0.001 |      128 |     19000 |            0.67 |
|   Register               |    <0.001 |     1545 |    126800 |            1.22 |
|   CARRY4                 |    <0.001 |       36 |     15850 |            0.23 |
|   F7/F8 Muxes            |    <0.001 |       34 |     63400 |            0.05 |
|   LUT as Shift Register  |    <0.001 |       87 |     19000 |            0.46 |
|   Others                 |     0.000 |      794 |       --- |             --- |
| Signals                  |     0.005 |     3069 |       --- |             --- |
| Block RAM                |    <0.001 |        8 |       135 |            5.93 |
| MMCM                     |     0.106 |        1 |         6 |           16.67 |
| DSPs                     |     0.002 |        3 |       240 |            1.25 |
| I/O                      |    <0.001 |       12 |       210 |            5.71 |
| Static Power             |     0.098 |          |           |                 |
| Total                    |     0.226 |          |           |                 |
+--------------------------+-----------+----------+-----------+-----------------+


1.2 Power Supply Summary
------------------------

+-----------+-------------+-----------+-------------+------------+-------------+-------------+------------+
| Source    | Voltage (V) | Total (A) | Dynamic (A) | Static (A) | Powerup (A) | Budget (A)  | Margin (A) |
+-----------+-------------+-----------+-------------+------------+-------------+-------------+------------+
| Vccint    |       1.000 |     0.038 |       0.022 |      0.015 |       NA    | Unspecified | NA         |
| Vccaux    |       1.800 |     0.077 |       0.059 |      0.018 |       NA    | Unspecified | NA         |
| Vcco33    |       3.300 |     0.004 |       0.000 |      0.004 |       NA    | Unspecified | NA         |
| Vcco25    |       2.500 |     0.000 |       0.000 |      0.000 |       NA    | Unspecified | NA         |
| Vcco18    |       1.800 |     0.000 |       0.000 |      0.000 |       NA    | Unspecified | NA         |
| Vcco15    |       1.500 |     0.000 |       0.000 |      0.000 |       NA    | Unspecified | NA         |
| Vcco135   |       1.350 |     0.000 |       0.000 |      0.000 |       NA    | Unspecified | NA         |
| Vcco12    |       1.200 |     0.000 |       0.000 |      0.000 |       NA    | Unspecified | NA         |
| Vccaux_io |       1.800 |     0.000 |       0.000 |      0.000 |       NA    | Unspecified | NA         |
| Vccbram   |       1.000 |     0.000 |       0.000 |      0.000 |       NA    | Unspecified | NA         |
| MGTAVcc   |       1.000 |     0.000 |       0.000 |      0.000 |       NA    | Unspecified | NA         |
| MGTAVtt   |       1.200 |     0.000 |       0.000 |      0.000 |       NA    | Unspecified | NA         |
| Vccadc    |       1.800 |     0.020 |       0.000 |      0.020 |       NA    | Unspecified | NA         |
+-----------+-------------+-----------+-------------+------------+-------------+-------------+------------+


1.3 Confidence Level
--------------------

+-----------------------------+------------+--------------------------------------------------------+------------------------------------------------------------------------------------------------------------+
| User Input Data             | Confidence | Details                                                | Action                                                                                                     |
+-----------------------------+------------+--------------------------------------------------------+------------------------------------------------------------------------------------------------------------+
| Design implementation state | High       | Design is routed                                       |                                                                                                            |
| Clock nodes activity        | High       | User specified more than 95% of clocks                 |                                                                                                            |
| I/O nodes activity          | Low        | More than 75% of inputs are missing user specification | Provide missing input activity with simulation results or by editing the "By Resource Type -> I/Os" view   |
| Internal nodes activity     | Medium     | User specified less than 25% of internal nodes         | Provide missing internal nodes activity with simulation results or by editing the "By Resource Type" views |
| Device models               | High       | Device models are Production                           |                                                                                                            |
|                             |            |                                                        |                                                                                                            |
| Overall confidence level    | Low        |                                                        |                                                                                                            |
+-----------------------------+------------+--------------------------------------------------------+------------------------------------------------------------------------------------------------------------+


2. Settings
-----------

2.1 Environment
---------------

+-----------------------+--------------------------+
| Ambient Temp (C)      | 25.0                     |
| ThetaJA (C/W)         | 4.6                      |
| Airflow (LFM)         | 250                      |
| Heat Sink             | medium (Medium Profile)  |
| ThetaSA (C/W)         | 4.6                      |
| Board Selection       | medium (10"x10")         |
| # of Board Layers     | 12to15 (12 to 15 Layers) |
| Board Temperature (C) | 25.0                     |
+-----------------------+--------------------------+


2.2 Clock Constraints
---------------------

+--------------------------------------------------------------------+-------------------------------------------------------------------------+-----------------+
| Clock                                                              | Domain                                                                  | Constraint (ns) |
+--------------------------------------------------------------------+-------------------------------------------------------------------------+-----------------+
| Block_Diagram_IO_i/mdm_1/U0/Use_E2.BSCAN_I/Use_E2.BSCANE2_I/DRCK   | Block_Diagram_IO_i/mdm_1/U0/Use_E2.BSCAN_I/DRCK                         |            33.3 |
| Block_Diagram_IO_i/mdm_1/U0/Use_E2.BSCAN_I/Use_E2.BSCANE2_I/UPDATE | Block_Diagram_IO_i/mdm_1/U0/Use_E2.BSCAN_I/Dbg_Update_0                 |            33.3 |
| clk_in                                                             | clk_in                                                                  |            10.0 |
| clk_out1_Block_Diagram_IO_clk_wiz_1_0                              | Block_Diagram_IO_i/clk_wiz_1/inst/clk_out1_Block_Diagram_IO_clk_wiz_1_0 |            10.0 |
| clkfbout_Block_Diagram_IO_clk_wiz_1_0                              | Block_Diagram_IO_i/clk_wiz_1/inst/clkfbout_Block_Diagram_IO_clk_wiz_1_0 |            10.0 |
+--------------------------------------------------------------------+-------------------------------------------------------------------------+-----------------+


3. Detailed Reports
-------------------

3.1 By Hierarchy
----------------

+--------------------------+-----------+
| Name                     | Power (W) |
+--------------------------+-----------+
| Block_Diagram_IO_wrapper |     0.128 |
|   Block_Diagram_IO_i     |     0.128 |
|     axi_smc              |     0.004 |
|       inst               |     0.004 |
|     clk_wiz_1            |     0.106 |
|       inst               |     0.106 |
|     microblaze_0         |     0.014 |
|       U0                 |     0.014 |
+--------------------------+-----------+


