Copyright 1986-2022 Xilinx, Inc. All Rights Reserved. Copyright 2022-2024 Advanced Micro Devices, Inc. All Rights Reserved.
----------------------------------------------------------------------------------------------------------------------------------------------------------------------------------------------------
| Tool Version     : Vivado v.2024.2 (win64) Build 5239630 Fri Nov 08 22:35:27 MST 2024
| Date             : Wed Jul 23 13:16:12 2025
| Host             : LAPTOP-6I567M9C running 64-bit major release  (build 9200)
| Command          : report_power -file Block_Diagram_UART_wrapper_power_routed.rpt -pb Block_Diagram_UART_wrapper_power_summary_routed.pb -rpx Block_Diagram_UART_wrapper_power_routed.rpx
| Design           : Block_Diagram_UART_wrapper
| Device           : xc7a100tcsg324-1
| Design State     : routed
| Grade            : commercial
| Process          : typical
| Characterization : Production
----------------------------------------------------------------------------------------------------------------------------------------------------------------------------------------------------

Power Report

Table of Contents
-----------------
1. Summary
1.1 On-Chip Components
1.2 Power Supply Summary
1.3 Confidence Level
2. Settings
2.1 Environment
2.2 Clock Constraints
3. Detailed Reports
3.1 By Hierarchy

1. Summary
----------

+--------------------------+--------------+
| Total On-Chip Power (W)  | 0.880        |
| Design Power Budget (W)  | Unspecified* |
| Power Budget Margin (W)  | NA           |
| Dynamic (W)              | 0.774        |
| Device Static (W)        | 0.106        |
| Effective TJA (C/W)      | 4.6          |
| Max Ambient (C)          | 81.0         |
| Junction Temperature (C) | 29.0         |
| Confidence Level         | Low          |
| Setting File             | ---          |
| Simulation Activity File | ---          |
| Design Nets Matched      | NA           |
+--------------------------+--------------+
* Specify Design Power Budget using, set_operating_conditions -design_power_budget <value in Watts>


1.1 On-Chip Components
----------------------

+--------------------------+-----------+----------+-----------+-----------------+
| On-Chip                  | Power (W) | Used     | Available | Utilization (%) |
+--------------------------+-----------+----------+-----------+-----------------+
| Clocks                   |     0.042 |       28 |       --- |             --- |
| Slice Logic              |     0.017 |    22272 |       --- |             --- |
|   LUT as Logic           |     0.015 |     8048 |     63400 |           12.69 |
|   LUT as Distributed RAM |     0.001 |      634 |     19000 |            3.34 |
|   Register               |    <0.001 |     8918 |    126800 |            7.03 |
|   CARRY4                 |    <0.001 |      277 |     15850 |            1.75 |
|   F7/F8 Muxes            |    <0.001 |       75 |     63400 |            0.12 |
|   LUT as Shift Register  |    <0.001 |      340 |     19000 |            1.79 |
|   Others                 |    <0.001 |     1395 |       --- |             --- |
| Signals                  |     0.021 |    16394 |       --- |             --- |
| Block RAM                |    <0.001 |      8.5 |       135 |            6.30 |
| MMCM                     |     0.195 |        2 |         6 |           33.33 |
| PLL                      |     0.117 |        1 |         6 |           16.67 |
| DSPs                     |     0.002 |        3 |       240 |            1.25 |
| I/O                      |     0.263 |       56 |       210 |           26.67 |
| PHASER                   |     0.113 |       14 |       --- |             --- |
| XADC                     |     0.004 |        1 |       --- |             --- |
| Static Power             |     0.106 |          |           |                 |
| Total                    |     0.880 |          |           |                 |
+--------------------------+-----------+----------+-----------+-----------------+


1.2 Power Supply Summary
------------------------

+-----------+-------------+-----------+-------------+------------+-------------+-------------+------------+
| Source    | Voltage (V) | Total (A) | Dynamic (A) | Static (A) | Powerup (A) | Budget (A)  | Margin (A) |
+-----------+-------------+-----------+-------------+------------+-------------+-------------+------------+
| Vccint    |       1.000 |     0.138 |       0.121 |      0.017 |       NA    | Unspecified | NA         |
| Vccaux    |       1.800 |     0.291 |       0.272 |      0.018 |       NA    | Unspecified | NA         |
| Vcco33    |       3.300 |     0.005 |       0.001 |      0.004 |       NA    | Unspecified | NA         |
| Vcco25    |       2.500 |     0.000 |       0.000 |      0.000 |       NA    | Unspecified | NA         |
| Vcco18    |       1.800 |     0.000 |       0.000 |      0.000 |       NA    | Unspecified | NA         |
| Vcco15    |       1.500 |     0.000 |       0.000 |      0.000 |       NA    | Unspecified | NA         |
| Vcco135   |       1.350 |     0.121 |       0.117 |      0.004 |       NA    | Unspecified | NA         |
| Vcco12    |       1.200 |     0.000 |       0.000 |      0.000 |       NA    | Unspecified | NA         |
| Vccaux_io |       1.800 |     0.000 |       0.000 |      0.000 |       NA    | Unspecified | NA         |
| Vccbram   |       1.000 |     0.001 |       0.000 |      0.001 |       NA    | Unspecified | NA         |
| MGTAVcc   |       1.000 |     0.000 |       0.000 |      0.000 |       NA    | Unspecified | NA         |
| MGTAVtt   |       1.200 |     0.000 |       0.000 |      0.000 |       NA    | Unspecified | NA         |
| Vccadc    |       1.800 |     0.022 |       0.002 |      0.020 |       NA    | Unspecified | NA         |
+-----------+-------------+-----------+-------------+------------+-------------+-------------+------------+


1.3 Confidence Level
--------------------

+-----------------------------+------------+--------------------------------------------------------+------------------------------------------------------------------------------------------------------------+
| User Input Data             | Confidence | Details                                                | Action                                                                                                     |
+-----------------------------+------------+--------------------------------------------------------+------------------------------------------------------------------------------------------------------------+
| Design implementation state | High       | Design is routed                                       |                                                                                                            |
| Clock nodes activity        | High       | User specified more than 95% of clocks                 |                                                                                                            |
| I/O nodes activity          | Low        | More than 75% of inputs are missing user specification | Provide missing input activity with simulation results or by editing the "By Resource Type -> I/Os" view   |
| Internal nodes activity     | Medium     | User specified less than 25% of internal nodes         | Provide missing internal nodes activity with simulation results or by editing the "By Resource Type" views |
| Device models               | High       | Device models are Production                           |                                                                                                            |
|                             |            |                                                        |                                                                                                            |
| Overall confidence level    | Low        |                                                        |                                                                                                            |
+-----------------------------+------------+--------------------------------------------------------+------------------------------------------------------------------------------------------------------------+


2. Settings
-----------

2.1 Environment
---------------

+-----------------------+--------------------------+
| Ambient Temp (C)      | 25.0                     |
| ThetaJA (C/W)         | 4.6                      |
| Airflow (LFM)         | 250                      |
| Heat Sink             | medium (Medium Profile)  |
| ThetaSA (C/W)         | 4.6                      |
| Board Selection       | medium (10"x10")         |
| # of Board Layers     | 12to15 (12 to 15 Layers) |
| Board Temperature (C) | 25.0                     |
+-----------------------+--------------------------+


2.2 Clock Constraints
---------------------

+-------------------------------------------------------------------------------------------------------------------------------------------------------------+-----------------------------------------------------------------------------------------------------------------------------------------------------------------------------------------------------------------------------------------------------+-----------------+
| Clock                                                                                                                                                       | Domain                                                                                                                                                                                                                                              | Constraint (ns) |
+-------------------------------------------------------------------------------------------------------------------------------------------------------------+-----------------------------------------------------------------------------------------------------------------------------------------------------------------------------------------------------------------------------------------------------+-----------------+
| Block_Diagram_UART_i/mdm_1/U0/Use_E2.BSCAN_I/Use_E2.BSCANE2_I/DRCK                                                                                          | Block_Diagram_UART_i/mdm_1/U0/Use_E2.BSCAN_I/DRCK                                                                                                                                                                                                   |            33.3 |
| Block_Diagram_UART_i/mdm_1/U0/Use_E2.BSCAN_I/Use_E2.BSCANE2_I/UPDATE                                                                                        | Block_Diagram_UART_i/mdm_1/U0/Use_E2.BSCAN_I/Dbg_Update_0                                                                                                                                                                                           |            33.3 |
| CLK_IN                                                                                                                                                      | CLK_IN                                                                                                                                                                                                                                              |            10.0 |
| clk_out1_Block_Diagram_UART_clk_wiz_1_0                                                                                                                     | Block_Diagram_UART_i/clk_wiz_1/inst/clk_out1                                                                                                                                                                                                        |             6.0 |
| clk_out1_Block_Diagram_UART_clk_wiz_1_0                                                                                                                     | Block_Diagram_UART_i/clk_wiz_1/inst/clk_out1_Block_Diagram_UART_clk_wiz_1_0                                                                                                                                                                         |             6.0 |
| clk_out2_Block_Diagram_UART_clk_wiz_1_0                                                                                                                     | Block_Diagram_UART_i/clk_wiz_1/inst/clk_out2_Block_Diagram_UART_clk_wiz_1_0                                                                                                                                                                         |             5.0 |
| clk_pll_i_1                                                                                                                                                 | Block_Diagram_UART_i/mig_7series_0/u_Block_Diagram_UART_mig_7series_0_0_mig/u_ddr3_infrastructure/clk_pll_i                                                                                                                                         |            12.0 |
| clkfbout_Block_Diagram_UART_clk_wiz_1_0                                                                                                                     | Block_Diagram_UART_i/clk_wiz_1/inst/clkfbout_Block_Diagram_UART_clk_wiz_1_0                                                                                                                                                                         |            10.0 |
| dbg_hub/inst/BSCANID.u_xsdbm_id/SWITCH_N_EXT_BSCAN.bscan_inst/SERIES7_BSCAN.bscan_inst/TCK                                                                  | dbg_hub/inst/BSCANID.u_xsdbm_id/SWITCH_N_EXT_BSCAN.bscan_inst/TCK                                                                                                                                                                                   |            33.0 |
| freq_refclk_1                                                                                                                                               | Block_Diagram_UART_i/mig_7series_0/u_Block_Diagram_UART_mig_7series_0_0_mig/u_ddr3_infrastructure/freq_refclk                                                                                                                                       |             1.5 |
| iserdes_clkdiv_2                                                                                                                                            | Block_Diagram_UART_i/mig_7series_0/u_Block_Diagram_UART_mig_7series_0_0_mig/u_memc_ui_top_axi/mem_intfc0/ddr_phy_top0/u_ddr_mc_phy_wrapper/u_ddr_mc_phy/ddr_phy_4lanes_0.u_ddr_phy_4lanes/ddr_byte_lane_C.ddr_byte_lane_C/iserdes_clkdiv            |            12.0 |
| iserdes_clkdiv_3                                                                                                                                            | Block_Diagram_UART_i/mig_7series_0/u_Block_Diagram_UART_mig_7series_0_0_mig/u_memc_ui_top_axi/mem_intfc0/ddr_phy_top0/u_ddr_mc_phy_wrapper/u_ddr_mc_phy/ddr_phy_4lanes_0.u_ddr_phy_4lanes/ddr_byte_lane_D.ddr_byte_lane_D/iserdes_clkdiv            |            12.0 |
| mem_refclk_1                                                                                                                                                | Block_Diagram_UART_i/mig_7series_0/u_Block_Diagram_UART_mig_7series_0_0_mig/u_ddr3_infrastructure/mem_refclk                                                                                                                                        |             3.0 |
| oserdes_clk_4                                                                                                                                               | Block_Diagram_UART_i/mig_7series_0/u_Block_Diagram_UART_mig_7series_0_0_mig/u_memc_ui_top_axi/mem_intfc0/ddr_phy_top0/u_ddr_mc_phy_wrapper/u_ddr_mc_phy/ddr_phy_4lanes_0.u_ddr_phy_4lanes/ddr_byte_lane_A.ddr_byte_lane_A/oserdes_clk               |             3.0 |
| oserdes_clk_5                                                                                                                                               | Block_Diagram_UART_i/mig_7series_0/u_Block_Diagram_UART_mig_7series_0_0_mig/u_memc_ui_top_axi/mem_intfc0/ddr_phy_top0/u_ddr_mc_phy_wrapper/u_ddr_mc_phy/ddr_phy_4lanes_0.u_ddr_phy_4lanes/ddr_byte_lane_B.ddr_byte_lane_B/oserdes_clk               |             3.0 |
| oserdes_clk_6                                                                                                                                               | Block_Diagram_UART_i/mig_7series_0/u_Block_Diagram_UART_mig_7series_0_0_mig/u_memc_ui_top_axi/mem_intfc0/ddr_phy_top0/u_ddr_mc_phy_wrapper/u_ddr_mc_phy/ddr_phy_4lanes_0.u_ddr_phy_4lanes/ddr_byte_lane_C.ddr_byte_lane_C/oserdes_clk               |             3.0 |
| oserdes_clk_7                                                                                                                                               | Block_Diagram_UART_i/mig_7series_0/u_Block_Diagram_UART_mig_7series_0_0_mig/u_memc_ui_top_axi/mem_intfc0/ddr_phy_top0/u_ddr_mc_phy_wrapper/u_ddr_mc_phy/ddr_phy_4lanes_0.u_ddr_phy_4lanes/ddr_byte_lane_D.ddr_byte_lane_D/oserdes_clk               |             3.0 |
| oserdes_clkdiv_4                                                                                                                                            | Block_Diagram_UART_i/mig_7series_0/u_Block_Diagram_UART_mig_7series_0_0_mig/u_memc_ui_top_axi/mem_intfc0/ddr_phy_top0/u_ddr_mc_phy_wrapper/u_ddr_mc_phy/ddr_phy_4lanes_0.u_ddr_phy_4lanes/ddr_byte_lane_A.ddr_byte_lane_A/oserdes_clkdiv            |            12.0 |
| oserdes_clkdiv_5                                                                                                                                            | Block_Diagram_UART_i/mig_7series_0/u_Block_Diagram_UART_mig_7series_0_0_mig/u_memc_ui_top_axi/mem_intfc0/ddr_phy_top0/u_ddr_mc_phy_wrapper/u_ddr_mc_phy/ddr_phy_4lanes_0.u_ddr_phy_4lanes/ddr_byte_lane_B.ddr_byte_lane_B/oserdes_clkdiv            |            12.0 |
| oserdes_clkdiv_6                                                                                                                                            | Block_Diagram_UART_i/mig_7series_0/u_Block_Diagram_UART_mig_7series_0_0_mig/u_memc_ui_top_axi/mem_intfc0/ddr_phy_top0/u_ddr_mc_phy_wrapper/u_ddr_mc_phy/ddr_phy_4lanes_0.u_ddr_phy_4lanes/ddr_byte_lane_C.ddr_byte_lane_C/oserdes_clkdiv            |             6.0 |
| oserdes_clkdiv_7                                                                                                                                            | Block_Diagram_UART_i/mig_7series_0/u_Block_Diagram_UART_mig_7series_0_0_mig/u_memc_ui_top_axi/mem_intfc0/ddr_phy_top0/u_ddr_mc_phy_wrapper/u_ddr_mc_phy/ddr_phy_4lanes_0.u_ddr_phy_4lanes/ddr_byte_lane_D.ddr_byte_lane_D/oserdes_clkdiv            |             6.0 |
| pll_clk3_out_1                                                                                                                                              | Block_Diagram_UART_i/mig_7series_0/u_Block_Diagram_UART_mig_7series_0_0_mig/u_ddr3_infrastructure/pll_clk3_out                                                                                                                                      |            12.0 |
| pll_clkfbout_1                                                                                                                                              | Block_Diagram_UART_i/mig_7series_0/u_Block_Diagram_UART_mig_7series_0_0_mig/u_ddr3_infrastructure/pll_clkfbout                                                                                                                                      |             6.0 |
| sync_pulse_1                                                                                                                                                | Block_Diagram_UART_i/mig_7series_0/u_Block_Diagram_UART_mig_7series_0_0_mig/u_ddr3_infrastructure/sync_pulse                                                                                                                                        |            48.0 |
| u_memc_ui_top_axi/mem_intfc0/ddr_phy_top0/u_ddr_mc_phy_wrapper/u_ddr_mc_phy/ddr_phy_4lanes_0.u_ddr_phy_4lanes/ddr_byte_lane_C.ddr_byte_lane_C/iserdes_clk_1 | Block_Diagram_UART_i/mig_7series_0/u_Block_Diagram_UART_mig_7series_0_0_mig/u_memc_ui_top_axi/mem_intfc0/ddr_phy_top0/u_ddr_mc_phy_wrapper/u_ddr_mc_phy/ddr_phy_4lanes_0.u_ddr_phy_4lanes/ddr_byte_lane_C.ddr_byte_lane_C/phaser_in_gen.phaser_in_0 |             3.0 |
| u_memc_ui_top_axi/mem_intfc0/ddr_phy_top0/u_ddr_mc_phy_wrapper/u_ddr_mc_phy/ddr_phy_4lanes_0.u_ddr_phy_4lanes/ddr_byte_lane_D.ddr_byte_lane_D/iserdes_clk_1 | Block_Diagram_UART_i/mig_7series_0/u_Block_Diagram_UART_mig_7series_0_0_mig/u_memc_ui_top_axi/mem_intfc0/ddr_phy_top0/u_ddr_mc_phy_wrapper/u_ddr_mc_phy/ddr_phy_4lanes_0.u_ddr_phy_4lanes/ddr_byte_lane_D.ddr_byte_lane_D/phaser_in_gen.phaser_in_0 |             3.0 |
+-------------------------------------------------------------------------------------------------------------------------------------------------------------+-----------------------------------------------------------------------------------------------------------------------------------------------------------------------------------------------------------------------------------------------------+-----------------+


3. Detailed Reports
-------------------

3.1 By Hierarchy
----------------

+------------------------------------------------+-----------+
| Name                                           | Power (W) |
+------------------------------------------------+-----------+
| Block_Diagram_UART_wrapper                     |     0.774 |
|   Block_Diagram_UART_i                         |     0.770 |
|     axi_timer_0                                |     0.003 |
|       U0                                       |     0.003 |
|     clk_wiz_1                                  |     0.107 |
|       inst                                     |     0.107 |
|     ila_0                                      |     0.006 |
|       inst                                     |     0.006 |
|     microblaze_0                               |     0.012 |
|       U0                                       |     0.012 |
|     microblaze_0_axi_intc                      |     0.001 |
|       U0                                       |     0.001 |
|     mig_7series_0                              |     0.634 |
|       u_Block_Diagram_UART_mig_7series_0_0_mig |     0.634 |
|     smartconnect_0                             |     0.005 |
|       inst                                     |     0.005 |
|   dbg_hub                                      |     0.003 |
|     inst                                       |     0.003 |
|       BSCANID.u_xsdbm_id                       |     0.003 |
+------------------------------------------------+-----------+


