
*** Running vivado
    with args -log Block_Diagram_Timer_wrapper.vds -m64 -product Vivado -mode batch -messageDb vivado.pb -notrace -source Block_Diagram_Timer_wrapper.tcl



****** Vivado v2024.2 (64-bit)
  **** SW Build 5239630 on Fri Nov 08 22:35:27 MST 2024
  **** IP Build 5239520 on Sun Nov 10 16:12:51 MST 2024
  **** SharedData Build 5239561 on Fri Nov 08 14:39:27 MST 2024
  **** Start of session at: Tue Jul 15 07:58:49 2025
    ** Copyright 1986-2022 Xilinx, Inc. All Rights Reserved.
    ** Copyright 2022-2024 Advanced Micro Devices, Inc. All Rights Reserved.

source Block_Diagram_Timer_wrapper.tcl -notrace
create_project: Time (s): cpu = 00:00:03 ; elapsed = 00:00:05 . Memory (MB): peak = 366.258 ; gain = 66.125
INFO: [IP_Flow 19-234] Refreshing IP repositories
INFO: [IP_Flow 19-1704] No user IP repositories specified
INFO: [IP_Flow 19-2313] Loaded Vivado IP repository 'C:/Xilinx/Vivado/2024.2/data/ip'.
INFO: [Project 1-5578] Found utility IPs instantiated in block design C:/IMR_Projects/IMR/Acquire_FPGA/Vivado_Workspace/Acquire_Timer/Acquire_Timer.srcs/sources_1/bd/Block_Diagram_Timer/Block_Diagram_Timer.bd which have equivalent inline hdl with improved performance and reduced diskspace.
It is recommended to migrate these utility IPs to inline hdl  using the command upgrade_project -migrate_to_inline_hdl.  The utility IPs may be deprecated in future releases.
More information on inline hdl is available in UG994. 
add_files: Time (s): cpu = 00:00:06 ; elapsed = 00:00:12 . Memory (MB): peak = 429.332 ; gain = 63.074
Command: read_checkpoint -auto_incremental -incremental C:/IMR_Projects/IMR/Acquire_FPGA/Vivado_Workspace/Acquire_Timer/Acquire_Timer.srcs/utils_1/imports/synth_1/Block_Diagram_Timer_wrapper.dcp
INFO: [Vivado 12-5825] Read reference checkpoint from C:/IMR_Projects/IMR/Acquire_FPGA/Vivado_Workspace/Acquire_Timer/Acquire_Timer.srcs/utils_1/imports/synth_1/Block_Diagram_Timer_wrapper.dcp for incremental synthesis
INFO: [Vivado 12-7989] Please ensure there are no constraint changes
Command: synth_design -top Block_Diagram_Timer_wrapper -part xc7a100tcsg324-1
Starting synth_design
Attempting to get a license for feature 'Synthesis' and/or device 'xc7a100t'
INFO: [Common 17-349] Got license for feature 'Synthesis' and/or device 'xc7a100t'
INFO: [Device 21-403] Loading part xc7a100tcsg324-1
INFO: [Designutils 20-5440] No compile time benefit to using incremental synthesis; A full resynthesis will be run
INFO: [Designutils 20-4379] Flow is switching to default flow due to incremental criteria not met. If you would like to alter this behaviour and have the flow terminate instead, please set the following parameter config_implementation {autoIncr.Synth.RejectBehavior Terminate}
INFO: [Synth 8-7079] Multithreading enabled for synth_design using a maximum of 2 processes.
INFO: [Synth 8-7078] Launching helper process for spawning children vivado processes
INFO: [Synth 8-7075] Helper process launched with PID 43828
---------------------------------------------------------------------------------
Starting RTL Elaboration : Time (s): cpu = 00:00:06 ; elapsed = 00:00:06 . Memory (MB): peak = 1107.574 ; gain = 467.441
---------------------------------------------------------------------------------
INFO: [Synth 8-6157] synthesizing module 'Block_Diagram_Timer_wrapper' [C:/IMR_Projects/IMR/Acquire_FPGA/Vivado_Workspace/Acquire_Timer/Acquire_Timer.gen/sources_1/bd/Block_Diagram_Timer/hdl/Block_Diagram_Timer_wrapper.v:13]
INFO: [Synth 8-6157] synthesizing module 'Block_Diagram_Timer' [c:/IMR_Projects/IMR/Acquire_FPGA/Vivado_Workspace/Acquire_Timer/Acquire_Timer.gen/sources_1/bd/Block_Diagram_Timer/synth/Block_Diagram_Timer.v:13]
INFO: [Synth 8-6157] synthesizing module 'Block_Diagram_Timer_axi_gpio_0_0' [C:/IMR_Projects/IMR/Acquire_FPGA/Vivado_Workspace/Acquire_Timer/Acquire_Timer.runs/synth_1/.Xil/Vivado-39460-LAPTOP-6I567M9C/realtime/Block_Diagram_Timer_axi_gpio_0_0_stub.v:6]
INFO: [Synth 8-6155] done synthesizing module 'Block_Diagram_Timer_axi_gpio_0_0' (0#1) [C:/IMR_Projects/IMR/Acquire_FPGA/Vivado_Workspace/Acquire_Timer/Acquire_Timer.runs/synth_1/.Xil/Vivado-39460-LAPTOP-6I567M9C/realtime/Block_Diagram_Timer_axi_gpio_0_0_stub.v:6]
INFO: [Synth 8-6157] synthesizing module 'Block_Diagram_Timer_axi_intc_0_1' [C:/IMR_Projects/IMR/Acquire_FPGA/Vivado_Workspace/Acquire_Timer/Acquire_Timer.runs/synth_1/.Xil/Vivado-39460-LAPTOP-6I567M9C/realtime/Block_Diagram_Timer_axi_intc_0_1_stub.v:6]
INFO: [Synth 8-6155] done synthesizing module 'Block_Diagram_Timer_axi_intc_0_1' (0#1) [C:/IMR_Projects/IMR/Acquire_FPGA/Vivado_Workspace/Acquire_Timer/Acquire_Timer.runs/synth_1/.Xil/Vivado-39460-LAPTOP-6I567M9C/realtime/Block_Diagram_Timer_axi_intc_0_1_stub.v:6]
INFO: [Synth 8-6157] synthesizing module 'Block_Diagram_Timer_axi_timer_0_1' [C:/IMR_Projects/IMR/Acquire_FPGA/Vivado_Workspace/Acquire_Timer/Acquire_Timer.runs/synth_1/.Xil/Vivado-39460-LAPTOP-6I567M9C/realtime/Block_Diagram_Timer_axi_timer_0_1_stub.v:6]
INFO: [Synth 8-6155] done synthesizing module 'Block_Diagram_Timer_axi_timer_0_1' (0#1) [C:/IMR_Projects/IMR/Acquire_FPGA/Vivado_Workspace/Acquire_Timer/Acquire_Timer.runs/synth_1/.Xil/Vivado-39460-LAPTOP-6I567M9C/realtime/Block_Diagram_Timer_axi_timer_0_1_stub.v:6]
WARNING: [Synth 8-7071] port 'generateout1' of module 'Block_Diagram_Timer_axi_timer_0_1' is unconnected for instance 'axi_timer_0' [c:/IMR_Projects/IMR/Acquire_FPGA/Vivado_Workspace/Acquire_Timer/Acquire_Timer.gen/sources_1/bd/Block_Diagram_Timer/synth/Block_Diagram_Timer.v:210]
WARNING: [Synth 8-7071] port 'interrupt' of module 'Block_Diagram_Timer_axi_timer_0_1' is unconnected for instance 'axi_timer_0' [c:/IMR_Projects/IMR/Acquire_FPGA/Vivado_Workspace/Acquire_Timer/Acquire_Timer.gen/sources_1/bd/Block_Diagram_Timer/synth/Block_Diagram_Timer.v:210]
WARNING: [Synth 8-7023] instance 'axi_timer_0' of module 'Block_Diagram_Timer_axi_timer_0_1' has 26 connections declared, but only 24 given [c:/IMR_Projects/IMR/Acquire_FPGA/Vivado_Workspace/Acquire_Timer/Acquire_Timer.gen/sources_1/bd/Block_Diagram_Timer/synth/Block_Diagram_Timer.v:210]
INFO: [Synth 8-6157] synthesizing module 'Block_Diagram_Timer_axi_timer_1_0' [C:/IMR_Projects/IMR/Acquire_FPGA/Vivado_Workspace/Acquire_Timer/Acquire_Timer.runs/synth_1/.Xil/Vivado-39460-LAPTOP-6I567M9C/realtime/Block_Diagram_Timer_axi_timer_1_0_stub.v:6]
INFO: [Synth 8-6155] done synthesizing module 'Block_Diagram_Timer_axi_timer_1_0' (0#1) [C:/IMR_Projects/IMR/Acquire_FPGA/Vivado_Workspace/Acquire_Timer/Acquire_Timer.runs/synth_1/.Xil/Vivado-39460-LAPTOP-6I567M9C/realtime/Block_Diagram_Timer_axi_timer_1_0_stub.v:6]
WARNING: [Synth 8-7071] port 'generateout1' of module 'Block_Diagram_Timer_axi_timer_1_0' is unconnected for instance 'axi_timer_1' [c:/IMR_Projects/IMR/Acquire_FPGA/Vivado_Workspace/Acquire_Timer/Acquire_Timer.gen/sources_1/bd/Block_Diagram_Timer/synth/Block_Diagram_Timer.v:235]
WARNING: [Synth 8-7071] port 'pwm0' of module 'Block_Diagram_Timer_axi_timer_1_0' is unconnected for instance 'axi_timer_1' [c:/IMR_Projects/IMR/Acquire_FPGA/Vivado_Workspace/Acquire_Timer/Acquire_Timer.gen/sources_1/bd/Block_Diagram_Timer/synth/Block_Diagram_Timer.v:235]
WARNING: [Synth 8-7023] instance 'axi_timer_1' of module 'Block_Diagram_Timer_axi_timer_1_0' has 26 connections declared, but only 24 given [c:/IMR_Projects/IMR/Acquire_FPGA/Vivado_Workspace/Acquire_Timer/Acquire_Timer.gen/sources_1/bd/Block_Diagram_Timer/synth/Block_Diagram_Timer.v:235]
INFO: [Synth 8-6157] synthesizing module 'Block_Diagram_Timer_clk_wiz_1_2' [C:/IMR_Projects/IMR/Acquire_FPGA/Vivado_Workspace/Acquire_Timer/Acquire_Timer.runs/synth_1/.Xil/Vivado-39460-LAPTOP-6I567M9C/realtime/Block_Diagram_Timer_clk_wiz_1_2_stub.v:6]
INFO: [Synth 8-6155] done synthesizing module 'Block_Diagram_Timer_clk_wiz_1_2' (0#1) [C:/IMR_Projects/IMR/Acquire_FPGA/Vivado_Workspace/Acquire_Timer/Acquire_Timer.runs/synth_1/.Xil/Vivado-39460-LAPTOP-6I567M9C/realtime/Block_Diagram_Timer_clk_wiz_1_2_stub.v:6]
INFO: [Synth 8-6157] synthesizing module 'Block_Diagram_Timer_mdm_1_0' [C:/IMR_Projects/IMR/Acquire_FPGA/Vivado_Workspace/Acquire_Timer/Acquire_Timer.runs/synth_1/.Xil/Vivado-39460-LAPTOP-6I567M9C/realtime/Block_Diagram_Timer_mdm_1_0_stub.v:6]
INFO: [Synth 8-6155] done synthesizing module 'Block_Diagram_Timer_mdm_1_0' (0#1) [C:/IMR_Projects/IMR/Acquire_FPGA/Vivado_Workspace/Acquire_Timer/Acquire_Timer.runs/synth_1/.Xil/Vivado-39460-LAPTOP-6I567M9C/realtime/Block_Diagram_Timer_mdm_1_0_stub.v:6]
INFO: [Synth 8-6157] synthesizing module 'Block_Diagram_Timer_microblaze_0_2' [C:/IMR_Projects/IMR/Acquire_FPGA/Vivado_Workspace/Acquire_Timer/Acquire_Timer.runs/synth_1/.Xil/Vivado-39460-LAPTOP-6I567M9C/realtime/Block_Diagram_Timer_microblaze_0_2_stub.v:6]
INFO: [Synth 8-6155] done synthesizing module 'Block_Diagram_Timer_microblaze_0_2' (0#1) [C:/IMR_Projects/IMR/Acquire_FPGA/Vivado_Workspace/Acquire_Timer/Acquire_Timer.runs/synth_1/.Xil/Vivado-39460-LAPTOP-6I567M9C/realtime/Block_Diagram_Timer_microblaze_0_2_stub.v:6]
WARNING: [Synth 8-7071] port 'Interrupt_Ack' of module 'Block_Diagram_Timer_microblaze_0_2' is unconnected for instance 'microblaze_0' [c:/IMR_Projects/IMR/Acquire_FPGA/Vivado_Workspace/Acquire_Timer/Acquire_Timer.gen/sources_1/bd/Block_Diagram_Timer/synth/Block_Diagram_Timer.v:278]
WARNING: [Synth 8-7023] instance 'microblaze_0' of module 'Block_Diagram_Timer_microblaze_0_2' has 52 connections declared, but only 51 given [c:/IMR_Projects/IMR/Acquire_FPGA/Vivado_Workspace/Acquire_Timer/Acquire_Timer.gen/sources_1/bd/Block_Diagram_Timer/synth/Block_Diagram_Timer.v:278]
INFO: [Synth 8-6157] synthesizing module 'microblaze_0_local_memory_imp_R5RWDA' [c:/IMR_Projects/IMR/Acquire_FPGA/Vivado_Workspace/Acquire_Timer/Acquire_Timer.gen/sources_1/bd/Block_Diagram_Timer/synth/Block_Diagram_Timer.v:460]
INFO: [Synth 8-6157] synthesizing module 'Block_Diagram_Timer_blk_mem_gen_0_0' [C:/IMR_Projects/IMR/Acquire_FPGA/Vivado_Workspace/Acquire_Timer/Acquire_Timer.runs/synth_1/.Xil/Vivado-39460-LAPTOP-6I567M9C/realtime/Block_Diagram_Timer_blk_mem_gen_0_0_stub.v:6]
INFO: [Synth 8-6155] done synthesizing module 'Block_Diagram_Timer_blk_mem_gen_0_0' (0#1) [C:/IMR_Projects/IMR/Acquire_FPGA/Vivado_Workspace/Acquire_Timer/Acquire_Timer.runs/synth_1/.Xil/Vivado-39460-LAPTOP-6I567M9C/realtime/Block_Diagram_Timer_blk_mem_gen_0_0_stub.v:6]
WARNING: [Synth 8-7071] port 'rsta_busy' of module 'Block_Diagram_Timer_blk_mem_gen_0_0' is unconnected for instance 'custom_bram_0' [c:/IMR_Projects/IMR/Acquire_FPGA/Vivado_Workspace/Acquire_Timer/Acquire_Timer.gen/sources_1/bd/Block_Diagram_Timer/synth/Block_Diagram_Timer.v:562]
WARNING: [Synth 8-7071] port 'rstb_busy' of module 'Block_Diagram_Timer_blk_mem_gen_0_0' is unconnected for instance 'custom_bram_0' [c:/IMR_Projects/IMR/Acquire_FPGA/Vivado_Workspace/Acquire_Timer/Acquire_Timer.gen/sources_1/bd/Block_Diagram_Timer/synth/Block_Diagram_Timer.v:562]
WARNING: [Synth 8-7023] instance 'custom_bram_0' of module 'Block_Diagram_Timer_blk_mem_gen_0_0' has 16 connections declared, but only 14 given [c:/IMR_Projects/IMR/Acquire_FPGA/Vivado_Workspace/Acquire_Timer/Acquire_Timer.gen/sources_1/bd/Block_Diagram_Timer/synth/Block_Diagram_Timer.v:562]
INFO: [Synth 8-6157] synthesizing module 'Block_Diagram_Timer_dlmb_bram_if_cntlr_2' [C:/IMR_Projects/IMR/Acquire_FPGA/Vivado_Workspace/Acquire_Timer/Acquire_Timer.runs/synth_1/.Xil/Vivado-39460-LAPTOP-6I567M9C/realtime/Block_Diagram_Timer_dlmb_bram_if_cntlr_2_stub.v:6]
INFO: [Synth 8-6155] done synthesizing module 'Block_Diagram_Timer_dlmb_bram_if_cntlr_2' (0#1) [C:/IMR_Projects/IMR/Acquire_FPGA/Vivado_Workspace/Acquire_Timer/Acquire_Timer.runs/synth_1/.Xil/Vivado-39460-LAPTOP-6I567M9C/realtime/Block_Diagram_Timer_dlmb_bram_if_cntlr_2_stub.v:6]
INFO: [Synth 8-6157] synthesizing module 'Block_Diagram_Timer_dlmb_v10_2' [C:/IMR_Projects/IMR/Acquire_FPGA/Vivado_Workspace/Acquire_Timer/Acquire_Timer.runs/synth_1/.Xil/Vivado-39460-LAPTOP-6I567M9C/realtime/Block_Diagram_Timer_dlmb_v10_2_stub.v:6]
INFO: [Synth 8-6155] done synthesizing module 'Block_Diagram_Timer_dlmb_v10_2' (0#1) [C:/IMR_Projects/IMR/Acquire_FPGA/Vivado_Workspace/Acquire_Timer/Acquire_Timer.runs/synth_1/.Xil/Vivado-39460-LAPTOP-6I567M9C/realtime/Block_Diagram_Timer_dlmb_v10_2_stub.v:6]
WARNING: [Synth 8-7071] port 'LMB_Rst' of module 'Block_Diagram_Timer_dlmb_v10_2' is unconnected for instance 'dlmb_v10' [c:/IMR_Projects/IMR/Acquire_FPGA/Vivado_Workspace/Acquire_Timer/Acquire_Timer.gen/sources_1/bd/Block_Diagram_Timer/synth/Block_Diagram_Timer.v:600]
WARNING: [Synth 8-7023] instance 'dlmb_v10' of module 'Block_Diagram_Timer_dlmb_v10_2' has 25 connections declared, but only 24 given [c:/IMR_Projects/IMR/Acquire_FPGA/Vivado_Workspace/Acquire_Timer/Acquire_Timer.gen/sources_1/bd/Block_Diagram_Timer/synth/Block_Diagram_Timer.v:600]
INFO: [Synth 8-6157] synthesizing module 'Block_Diagram_Timer_ilmb_bram_if_cntlr_2' [C:/IMR_Projects/IMR/Acquire_FPGA/Vivado_Workspace/Acquire_Timer/Acquire_Timer.runs/synth_1/.Xil/Vivado-39460-LAPTOP-6I567M9C/realtime/Block_Diagram_Timer_ilmb_bram_if_cntlr_2_stub.v:6]
INFO: [Synth 8-6155] done synthesizing module 'Block_Diagram_Timer_ilmb_bram_if_cntlr_2' (0#1) [C:/IMR_Projects/IMR/Acquire_FPGA/Vivado_Workspace/Acquire_Timer/Acquire_Timer.runs/synth_1/.Xil/Vivado-39460-LAPTOP-6I567M9C/realtime/Block_Diagram_Timer_ilmb_bram_if_cntlr_2_stub.v:6]
INFO: [Synth 8-6157] synthesizing module 'Block_Diagram_Timer_ilmb_v10_2' [C:/IMR_Projects/IMR/Acquire_FPGA/Vivado_Workspace/Acquire_Timer/Acquire_Timer.runs/synth_1/.Xil/Vivado-39460-LAPTOP-6I567M9C/realtime/Block_Diagram_Timer_ilmb_v10_2_stub.v:6]
INFO: [Synth 8-6155] done synthesizing module 'Block_Diagram_Timer_ilmb_v10_2' (0#1) [C:/IMR_Projects/IMR/Acquire_FPGA/Vivado_Workspace/Acquire_Timer/Acquire_Timer.runs/synth_1/.Xil/Vivado-39460-LAPTOP-6I567M9C/realtime/Block_Diagram_Timer_ilmb_v10_2_stub.v:6]
WARNING: [Synth 8-7071] port 'LMB_Rst' of module 'Block_Diagram_Timer_ilmb_v10_2' is unconnected for instance 'ilmb_v10' [c:/IMR_Projects/IMR/Acquire_FPGA/Vivado_Workspace/Acquire_Timer/Acquire_Timer.gen/sources_1/bd/Block_Diagram_Timer/synth/Block_Diagram_Timer.v:646]
WARNING: [Synth 8-7023] instance 'ilmb_v10' of module 'Block_Diagram_Timer_ilmb_v10_2' has 25 connections declared, but only 24 given [c:/IMR_Projects/IMR/Acquire_FPGA/Vivado_Workspace/Acquire_Timer/Acquire_Timer.gen/sources_1/bd/Block_Diagram_Timer/synth/Block_Diagram_Timer.v:646]
INFO: [Synth 8-6155] done synthesizing module 'microblaze_0_local_memory_imp_R5RWDA' (0#1) [c:/IMR_Projects/IMR/Acquire_FPGA/Vivado_Workspace/Acquire_Timer/Acquire_Timer.gen/sources_1/bd/Block_Diagram_Timer/synth/Block_Diagram_Timer.v:460]
INFO: [Synth 8-6157] synthesizing module 'Block_Diagram_Timer_rst_clk_wiz_1_100M_2' [C:/IMR_Projects/IMR/Acquire_FPGA/Vivado_Workspace/Acquire_Timer/Acquire_Timer.runs/synth_1/.Xil/Vivado-39460-LAPTOP-6I567M9C/realtime/Block_Diagram_Timer_rst_clk_wiz_1_100M_2_stub.v:6]
INFO: [Synth 8-6155] done synthesizing module 'Block_Diagram_Timer_rst_clk_wiz_1_100M_2' (0#1) [C:/IMR_Projects/IMR/Acquire_FPGA/Vivado_Workspace/Acquire_Timer/Acquire_Timer.runs/synth_1/.Xil/Vivado-39460-LAPTOP-6I567M9C/realtime/Block_Diagram_Timer_rst_clk_wiz_1_100M_2_stub.v:6]
WARNING: [Synth 8-7071] port 'peripheral_reset' of module 'Block_Diagram_Timer_rst_clk_wiz_1_100M_2' is unconnected for instance 'rst_clk_wiz_1_100M' [c:/IMR_Projects/IMR/Acquire_FPGA/Vivado_Workspace/Acquire_Timer/Acquire_Timer.gen/sources_1/bd/Block_Diagram_Timer/synth/Block_Diagram_Timer.v:352]
WARNING: [Synth 8-7071] port 'interconnect_aresetn' of module 'Block_Diagram_Timer_rst_clk_wiz_1_100M_2' is unconnected for instance 'rst_clk_wiz_1_100M' [c:/IMR_Projects/IMR/Acquire_FPGA/Vivado_Workspace/Acquire_Timer/Acquire_Timer.gen/sources_1/bd/Block_Diagram_Timer/synth/Block_Diagram_Timer.v:352]
WARNING: [Synth 8-7023] instance 'rst_clk_wiz_1_100M' of module 'Block_Diagram_Timer_rst_clk_wiz_1_100M_2' has 10 connections declared, but only 8 given [c:/IMR_Projects/IMR/Acquire_FPGA/Vivado_Workspace/Acquire_Timer/Acquire_Timer.gen/sources_1/bd/Block_Diagram_Timer/synth/Block_Diagram_Timer.v:352]
INFO: [Synth 8-6157] synthesizing module 'Block_Diagram_Timer_smartconnect_0_0' [C:/IMR_Projects/IMR/Acquire_FPGA/Vivado_Workspace/Acquire_Timer/Acquire_Timer.runs/synth_1/.Xil/Vivado-39460-LAPTOP-6I567M9C/realtime/Block_Diagram_Timer_smartconnect_0_0_stub.v:6]
INFO: [Synth 8-6155] done synthesizing module 'Block_Diagram_Timer_smartconnect_0_0' (0#1) [C:/IMR_Projects/IMR/Acquire_FPGA/Vivado_Workspace/Acquire_Timer/Acquire_Timer.runs/synth_1/.Xil/Vivado-39460-LAPTOP-6I567M9C/realtime/Block_Diagram_Timer_smartconnect_0_0_stub.v:6]
WARNING: [Synth 8-7071] port 'M00_AXI_awprot' of module 'Block_Diagram_Timer_smartconnect_0_0' is unconnected for instance 'smartconnect_0' [c:/IMR_Projects/IMR/Acquire_FPGA/Vivado_Workspace/Acquire_Timer/Acquire_Timer.gen/sources_1/bd/Block_Diagram_Timer/synth/Block_Diagram_Timer.v:361]
WARNING: [Synth 8-7071] port 'M00_AXI_arprot' of module 'Block_Diagram_Timer_smartconnect_0_0' is unconnected for instance 'smartconnect_0' [c:/IMR_Projects/IMR/Acquire_FPGA/Vivado_Workspace/Acquire_Timer/Acquire_Timer.gen/sources_1/bd/Block_Diagram_Timer/synth/Block_Diagram_Timer.v:361]
WARNING: [Synth 8-7071] port 'M01_AXI_awprot' of module 'Block_Diagram_Timer_smartconnect_0_0' is unconnected for instance 'smartconnect_0' [c:/IMR_Projects/IMR/Acquire_FPGA/Vivado_Workspace/Acquire_Timer/Acquire_Timer.gen/sources_1/bd/Block_Diagram_Timer/synth/Block_Diagram_Timer.v:361]
WARNING: [Synth 8-7071] port 'M01_AXI_arprot' of module 'Block_Diagram_Timer_smartconnect_0_0' is unconnected for instance 'smartconnect_0' [c:/IMR_Projects/IMR/Acquire_FPGA/Vivado_Workspace/Acquire_Timer/Acquire_Timer.gen/sources_1/bd/Block_Diagram_Timer/synth/Block_Diagram_Timer.v:361]
WARNING: [Synth 8-7071] port 'M02_AXI_awprot' of module 'Block_Diagram_Timer_smartconnect_0_0' is unconnected for instance 'smartconnect_0' [c:/IMR_Projects/IMR/Acquire_FPGA/Vivado_Workspace/Acquire_Timer/Acquire_Timer.gen/sources_1/bd/Block_Diagram_Timer/synth/Block_Diagram_Timer.v:361]
WARNING: [Synth 8-7071] port 'M02_AXI_arprot' of module 'Block_Diagram_Timer_smartconnect_0_0' is unconnected for instance 'smartconnect_0' [c:/IMR_Projects/IMR/Acquire_FPGA/Vivado_Workspace/Acquire_Timer/Acquire_Timer.gen/sources_1/bd/Block_Diagram_Timer/synth/Block_Diagram_Timer.v:361]
WARNING: [Synth 8-7071] port 'M03_AXI_awprot' of module 'Block_Diagram_Timer_smartconnect_0_0' is unconnected for instance 'smartconnect_0' [c:/IMR_Projects/IMR/Acquire_FPGA/Vivado_Workspace/Acquire_Timer/Acquire_Timer.gen/sources_1/bd/Block_Diagram_Timer/synth/Block_Diagram_Timer.v:361]
WARNING: [Synth 8-7071] port 'M03_AXI_arprot' of module 'Block_Diagram_Timer_smartconnect_0_0' is unconnected for instance 'smartconnect_0' [c:/IMR_Projects/IMR/Acquire_FPGA/Vivado_Workspace/Acquire_Timer/Acquire_Timer.gen/sources_1/bd/Block_Diagram_Timer/synth/Block_Diagram_Timer.v:361]
WARNING: [Synth 8-7023] instance 'smartconnect_0' of module 'Block_Diagram_Timer_smartconnect_0_0' has 97 connections declared, but only 89 given [c:/IMR_Projects/IMR/Acquire_FPGA/Vivado_Workspace/Acquire_Timer/Acquire_Timer.gen/sources_1/bd/Block_Diagram_Timer/synth/Block_Diagram_Timer.v:361]
INFO: [Synth 8-6157] synthesizing module 'Block_Diagram_Timer_util_vector_logic_0_1' [C:/IMR_Projects/IMR/Acquire_FPGA/Vivado_Workspace/Acquire_Timer/Acquire_Timer.runs/synth_1/.Xil/Vivado-39460-LAPTOP-6I567M9C/realtime/Block_Diagram_Timer_util_vector_logic_0_1_stub.v:6]
INFO: [Synth 8-6155] done synthesizing module 'Block_Diagram_Timer_util_vector_logic_0_1' (0#1) [C:/IMR_Projects/IMR/Acquire_FPGA/Vivado_Workspace/Acquire_Timer/Acquire_Timer.runs/synth_1/.Xil/Vivado-39460-LAPTOP-6I567M9C/realtime/Block_Diagram_Timer_util_vector_logic_0_1_stub.v:6]
INFO: [Synth 8-6157] synthesizing module 'Block_Diagram_Timer_xlconstant_0_0' [c:/IMR_Projects/IMR/Acquire_FPGA/Vivado_Workspace/Acquire_Timer/Acquire_Timer.gen/sources_1/bd/Block_Diagram_Timer/ip/Block_Diagram_Timer_xlconstant_0_0/synth/Block_Diagram_Timer_xlconstant_0_0.v:53]
INFO: [Synth 8-6157] synthesizing module 'xlconstant_v1_1_9_xlconstant' [c:/IMR_Projects/IMR/Acquire_FPGA/Vivado_Workspace/Acquire_Timer/Acquire_Timer.gen/sources_1/bd/Block_Diagram_Timer/ipshared/e2d2/hdl/xlconstant_v1_1_vl_rfs.v:68]
INFO: [Synth 8-6155] done synthesizing module 'xlconstant_v1_1_9_xlconstant' (0#1) [c:/IMR_Projects/IMR/Acquire_FPGA/Vivado_Workspace/Acquire_Timer/Acquire_Timer.gen/sources_1/bd/Block_Diagram_Timer/ipshared/e2d2/hdl/xlconstant_v1_1_vl_rfs.v:68]
INFO: [Synth 8-6155] done synthesizing module 'Block_Diagram_Timer_xlconstant_0_0' (0#1) [c:/IMR_Projects/IMR/Acquire_FPGA/Vivado_Workspace/Acquire_Timer/Acquire_Timer.gen/sources_1/bd/Block_Diagram_Timer/ip/Block_Diagram_Timer_xlconstant_0_0/synth/Block_Diagram_Timer_xlconstant_0_0.v:53]
INFO: [Synth 8-6157] synthesizing module 'Block_Diagram_Timer_xlconstant_1_0' [c:/IMR_Projects/IMR/Acquire_FPGA/Vivado_Workspace/Acquire_Timer/Acquire_Timer.gen/sources_1/bd/Block_Diagram_Timer/ip/Block_Diagram_Timer_xlconstant_1_0/synth/Block_Diagram_Timer_xlconstant_1_0.v:53]
INFO: [Synth 8-6157] synthesizing module 'xlconstant_v1_1_9_xlconstant__parameterized0' [c:/IMR_Projects/IMR/Acquire_FPGA/Vivado_Workspace/Acquire_Timer/Acquire_Timer.gen/sources_1/bd/Block_Diagram_Timer/ipshared/e2d2/hdl/xlconstant_v1_1_vl_rfs.v:68]
INFO: [Synth 8-6155] done synthesizing module 'xlconstant_v1_1_9_xlconstant__parameterized0' (0#1) [c:/IMR_Projects/IMR/Acquire_FPGA/Vivado_Workspace/Acquire_Timer/Acquire_Timer.gen/sources_1/bd/Block_Diagram_Timer/ipshared/e2d2/hdl/xlconstant_v1_1_vl_rfs.v:68]
INFO: [Synth 8-6155] done synthesizing module 'Block_Diagram_Timer_xlconstant_1_0' (0#1) [c:/IMR_Projects/IMR/Acquire_FPGA/Vivado_Workspace/Acquire_Timer/Acquire_Timer.gen/sources_1/bd/Block_Diagram_Timer/ip/Block_Diagram_Timer_xlconstant_1_0/synth/Block_Diagram_Timer_xlconstant_1_0.v:53]
INFO: [Synth 8-6155] done synthesizing module 'Block_Diagram_Timer' (0#1) [c:/IMR_Projects/IMR/Acquire_FPGA/Vivado_Workspace/Acquire_Timer/Acquire_Timer.gen/sources_1/bd/Block_Diagram_Timer/synth/Block_Diagram_Timer.v:13]
INFO: [Synth 8-6155] done synthesizing module 'Block_Diagram_Timer_wrapper' (0#1) [C:/IMR_Projects/IMR/Acquire_FPGA/Vivado_Workspace/Acquire_Timer/Acquire_Timer.gen/sources_1/bd/Block_Diagram_Timer/hdl/Block_Diagram_Timer_wrapper.v:13]
---------------------------------------------------------------------------------
Finished RTL Elaboration : Time (s): cpu = 00:00:07 ; elapsed = 00:00:08 . Memory (MB): peak = 1222.477 ; gain = 582.344
---------------------------------------------------------------------------------
---------------------------------------------------------------------------------
Start Handling Custom Attributes
---------------------------------------------------------------------------------
---------------------------------------------------------------------------------
Finished Handling Custom Attributes : Time (s): cpu = 00:00:07 ; elapsed = 00:00:08 . Memory (MB): peak = 1222.477 ; gain = 582.344
---------------------------------------------------------------------------------
---------------------------------------------------------------------------------
Finished RTL Optimization Phase 1 : Time (s): cpu = 00:00:07 ; elapsed = 00:00:08 . Memory (MB): peak = 1222.477 ; gain = 582.344
---------------------------------------------------------------------------------
Netlist sorting complete. Time (s): cpu = 00:00:00 ; elapsed = 00:00:00.008 . Memory (MB): peak = 1222.477 ; gain = 0.000
INFO: [Project 1-570] Preparing netlist for logic optimization

Processing XDC Constraints
Initializing timing engine
Parsing XDC File [c:/IMR_Projects/IMR/Acquire_FPGA/Vivado_Workspace/Acquire_Timer/Acquire_Timer.gen/sources_1/bd/Block_Diagram_Timer/ip/Block_Diagram_Timer_microblaze_0_2/Block_Diagram_Timer_microblaze_0_2/Block_Diagram_Timer_microblaze_0_2_in_context.xdc] for cell 'Block_Diagram_Timer_i/microblaze_0'
Finished Parsing XDC File [c:/IMR_Projects/IMR/Acquire_FPGA/Vivado_Workspace/Acquire_Timer/Acquire_Timer.gen/sources_1/bd/Block_Diagram_Timer/ip/Block_Diagram_Timer_microblaze_0_2/Block_Diagram_Timer_microblaze_0_2/Block_Diagram_Timer_microblaze_0_2_in_context.xdc] for cell 'Block_Diagram_Timer_i/microblaze_0'
Parsing XDC File [c:/IMR_Projects/IMR/Acquire_FPGA/Vivado_Workspace/Acquire_Timer/Acquire_Timer.gen/sources_1/bd/Block_Diagram_Timer/ip/Block_Diagram_Timer_dlmb_v10_2/Block_Diagram_Timer_dlmb_v10_2/Block_Diagram_Timer_ilmb_v10_2_in_context.xdc] for cell 'Block_Diagram_Timer_i/microblaze_0_local_memory/dlmb_v10'
Finished Parsing XDC File [c:/IMR_Projects/IMR/Acquire_FPGA/Vivado_Workspace/Acquire_Timer/Acquire_Timer.gen/sources_1/bd/Block_Diagram_Timer/ip/Block_Diagram_Timer_dlmb_v10_2/Block_Diagram_Timer_dlmb_v10_2/Block_Diagram_Timer_ilmb_v10_2_in_context.xdc] for cell 'Block_Diagram_Timer_i/microblaze_0_local_memory/dlmb_v10'
Parsing XDC File [c:/IMR_Projects/IMR/Acquire_FPGA/Vivado_Workspace/Acquire_Timer/Acquire_Timer.gen/sources_1/bd/Block_Diagram_Timer/ip/Block_Diagram_Timer_ilmb_v10_2/Block_Diagram_Timer_ilmb_v10_2/Block_Diagram_Timer_ilmb_v10_2_in_context.xdc] for cell 'Block_Diagram_Timer_i/microblaze_0_local_memory/ilmb_v10'
Finished Parsing XDC File [c:/IMR_Projects/IMR/Acquire_FPGA/Vivado_Workspace/Acquire_Timer/Acquire_Timer.gen/sources_1/bd/Block_Diagram_Timer/ip/Block_Diagram_Timer_ilmb_v10_2/Block_Diagram_Timer_ilmb_v10_2/Block_Diagram_Timer_ilmb_v10_2_in_context.xdc] for cell 'Block_Diagram_Timer_i/microblaze_0_local_memory/ilmb_v10'
Parsing XDC File [c:/IMR_Projects/IMR/Acquire_FPGA/Vivado_Workspace/Acquire_Timer/Acquire_Timer.gen/sources_1/bd/Block_Diagram_Timer/ip/Block_Diagram_Timer_dlmb_bram_if_cntlr_2/Block_Diagram_Timer_dlmb_bram_if_cntlr_2/Block_Diagram_Timer_dlmb_bram_if_cntlr_2_in_context.xdc] for cell 'Block_Diagram_Timer_i/microblaze_0_local_memory/dlmb_bram_if_cntlr'
Finished Parsing XDC File [c:/IMR_Projects/IMR/Acquire_FPGA/Vivado_Workspace/Acquire_Timer/Acquire_Timer.gen/sources_1/bd/Block_Diagram_Timer/ip/Block_Diagram_Timer_dlmb_bram_if_cntlr_2/Block_Diagram_Timer_dlmb_bram_if_cntlr_2/Block_Diagram_Timer_dlmb_bram_if_cntlr_2_in_context.xdc] for cell 'Block_Diagram_Timer_i/microblaze_0_local_memory/dlmb_bram_if_cntlr'
Parsing XDC File [c:/IMR_Projects/IMR/Acquire_FPGA/Vivado_Workspace/Acquire_Timer/Acquire_Timer.gen/sources_1/bd/Block_Diagram_Timer/ip/Block_Diagram_Timer_ilmb_bram_if_cntlr_2/Block_Diagram_Timer_ilmb_bram_if_cntlr_2/Block_Diagram_Timer_ilmb_bram_if_cntlr_2_in_context.xdc] for cell 'Block_Diagram_Timer_i/microblaze_0_local_memory/ilmb_bram_if_cntlr'
Finished Parsing XDC File [c:/IMR_Projects/IMR/Acquire_FPGA/Vivado_Workspace/Acquire_Timer/Acquire_Timer.gen/sources_1/bd/Block_Diagram_Timer/ip/Block_Diagram_Timer_ilmb_bram_if_cntlr_2/Block_Diagram_Timer_ilmb_bram_if_cntlr_2/Block_Diagram_Timer_ilmb_bram_if_cntlr_2_in_context.xdc] for cell 'Block_Diagram_Timer_i/microblaze_0_local_memory/ilmb_bram_if_cntlr'
Parsing XDC File [c:/IMR_Projects/IMR/Acquire_FPGA/Vivado_Workspace/Acquire_Timer/Acquire_Timer.gen/sources_1/bd/Block_Diagram_Timer/ip/Block_Diagram_Timer_blk_mem_gen_0_0/Block_Diagram_Timer_blk_mem_gen_0_0/Block_Diagram_Timer_blk_mem_gen_0_0_in_context.xdc] for cell 'Block_Diagram_Timer_i/microblaze_0_local_memory/custom_bram_0'
Finished Parsing XDC File [c:/IMR_Projects/IMR/Acquire_FPGA/Vivado_Workspace/Acquire_Timer/Acquire_Timer.gen/sources_1/bd/Block_Diagram_Timer/ip/Block_Diagram_Timer_blk_mem_gen_0_0/Block_Diagram_Timer_blk_mem_gen_0_0/Block_Diagram_Timer_blk_mem_gen_0_0_in_context.xdc] for cell 'Block_Diagram_Timer_i/microblaze_0_local_memory/custom_bram_0'
Parsing XDC File [c:/IMR_Projects/IMR/Acquire_FPGA/Vivado_Workspace/Acquire_Timer/Acquire_Timer.gen/sources_1/bd/Block_Diagram_Timer/ip/Block_Diagram_Timer_mdm_1_0/Block_Diagram_Timer_mdm_1_0/Block_Diagram_Timer_mdm_1_0_in_context.xdc] for cell 'Block_Diagram_Timer_i/mdm_1'
Finished Parsing XDC File [c:/IMR_Projects/IMR/Acquire_FPGA/Vivado_Workspace/Acquire_Timer/Acquire_Timer.gen/sources_1/bd/Block_Diagram_Timer/ip/Block_Diagram_Timer_mdm_1_0/Block_Diagram_Timer_mdm_1_0/Block_Diagram_Timer_mdm_1_0_in_context.xdc] for cell 'Block_Diagram_Timer_i/mdm_1'
Parsing XDC File [c:/IMR_Projects/IMR/Acquire_FPGA/Vivado_Workspace/Acquire_Timer/Acquire_Timer.gen/sources_1/bd/Block_Diagram_Timer/ip/Block_Diagram_Timer_clk_wiz_1_2/Block_Diagram_Timer_clk_wiz_1_2/Block_Diagram_Timer_clk_wiz_1_2_in_context.xdc] for cell 'Block_Diagram_Timer_i/clk_wiz_1'
Finished Parsing XDC File [c:/IMR_Projects/IMR/Acquire_FPGA/Vivado_Workspace/Acquire_Timer/Acquire_Timer.gen/sources_1/bd/Block_Diagram_Timer/ip/Block_Diagram_Timer_clk_wiz_1_2/Block_Diagram_Timer_clk_wiz_1_2/Block_Diagram_Timer_clk_wiz_1_2_in_context.xdc] for cell 'Block_Diagram_Timer_i/clk_wiz_1'
Parsing XDC File [c:/IMR_Projects/IMR/Acquire_FPGA/Vivado_Workspace/Acquire_Timer/Acquire_Timer.gen/sources_1/bd/Block_Diagram_Timer/ip/Block_Diagram_Timer_rst_clk_wiz_1_100M_2/Block_Diagram_Timer_rst_clk_wiz_1_100M_2/Block_Diagram_Timer_rst_clk_wiz_1_100M_2_in_context.xdc] for cell 'Block_Diagram_Timer_i/rst_clk_wiz_1_100M'
Finished Parsing XDC File [c:/IMR_Projects/IMR/Acquire_FPGA/Vivado_Workspace/Acquire_Timer/Acquire_Timer.gen/sources_1/bd/Block_Diagram_Timer/ip/Block_Diagram_Timer_rst_clk_wiz_1_100M_2/Block_Diagram_Timer_rst_clk_wiz_1_100M_2/Block_Diagram_Timer_rst_clk_wiz_1_100M_2_in_context.xdc] for cell 'Block_Diagram_Timer_i/rst_clk_wiz_1_100M'
Parsing XDC File [c:/IMR_Projects/IMR/Acquire_FPGA/Vivado_Workspace/Acquire_Timer/Acquire_Timer.gen/sources_1/bd/Block_Diagram_Timer/ip/Block_Diagram_Timer_util_vector_logic_0_1/Block_Diagram_Timer_util_vector_logic_0_1/Block_Diagram_Timer_util_vector_logic_0_1_in_context.xdc] for cell 'Block_Diagram_Timer_i/util_vector_logic_0'
Finished Parsing XDC File [c:/IMR_Projects/IMR/Acquire_FPGA/Vivado_Workspace/Acquire_Timer/Acquire_Timer.gen/sources_1/bd/Block_Diagram_Timer/ip/Block_Diagram_Timer_util_vector_logic_0_1/Block_Diagram_Timer_util_vector_logic_0_1/Block_Diagram_Timer_util_vector_logic_0_1_in_context.xdc] for cell 'Block_Diagram_Timer_i/util_vector_logic_0'
Parsing XDC File [c:/IMR_Projects/IMR/Acquire_FPGA/Vivado_Workspace/Acquire_Timer/Acquire_Timer.gen/sources_1/bd/Block_Diagram_Timer/ip/Block_Diagram_Timer_axi_gpio_0_0/Block_Diagram_Timer_axi_gpio_0_0/Block_Diagram_Timer_axi_gpio_0_0_in_context.xdc] for cell 'Block_Diagram_Timer_i/axi_gpio_0'
Finished Parsing XDC File [c:/IMR_Projects/IMR/Acquire_FPGA/Vivado_Workspace/Acquire_Timer/Acquire_Timer.gen/sources_1/bd/Block_Diagram_Timer/ip/Block_Diagram_Timer_axi_gpio_0_0/Block_Diagram_Timer_axi_gpio_0_0/Block_Diagram_Timer_axi_gpio_0_0_in_context.xdc] for cell 'Block_Diagram_Timer_i/axi_gpio_0'
Parsing XDC File [c:/IMR_Projects/IMR/Acquire_FPGA/Vivado_Workspace/Acquire_Timer/Acquire_Timer.gen/sources_1/bd/Block_Diagram_Timer/ip/Block_Diagram_Timer_smartconnect_0_0/Block_Diagram_Timer_smartconnect_0_0/Block_Diagram_Timer_smartconnect_0_0_in_context.xdc] for cell 'Block_Diagram_Timer_i/smartconnect_0'
Finished Parsing XDC File [c:/IMR_Projects/IMR/Acquire_FPGA/Vivado_Workspace/Acquire_Timer/Acquire_Timer.gen/sources_1/bd/Block_Diagram_Timer/ip/Block_Diagram_Timer_smartconnect_0_0/Block_Diagram_Timer_smartconnect_0_0/Block_Diagram_Timer_smartconnect_0_0_in_context.xdc] for cell 'Block_Diagram_Timer_i/smartconnect_0'
Parsing XDC File [c:/IMR_Projects/IMR/Acquire_FPGA/Vivado_Workspace/Acquire_Timer/Acquire_Timer.gen/sources_1/bd/Block_Diagram_Timer/ip/Block_Diagram_Timer_axi_timer_0_1/Block_Diagram_Timer_axi_timer_0_1/Block_Diagram_Timer_axi_timer_1_0_in_context.xdc] for cell 'Block_Diagram_Timer_i/axi_timer_0'
Finished Parsing XDC File [c:/IMR_Projects/IMR/Acquire_FPGA/Vivado_Workspace/Acquire_Timer/Acquire_Timer.gen/sources_1/bd/Block_Diagram_Timer/ip/Block_Diagram_Timer_axi_timer_0_1/Block_Diagram_Timer_axi_timer_0_1/Block_Diagram_Timer_axi_timer_1_0_in_context.xdc] for cell 'Block_Diagram_Timer_i/axi_timer_0'
Parsing XDC File [c:/IMR_Projects/IMR/Acquire_FPGA/Vivado_Workspace/Acquire_Timer/Acquire_Timer.gen/sources_1/bd/Block_Diagram_Timer/ip/Block_Diagram_Timer_axi_timer_1_0/Block_Diagram_Timer_axi_timer_1_0/Block_Diagram_Timer_axi_timer_1_0_in_context.xdc] for cell 'Block_Diagram_Timer_i/axi_timer_1'
Finished Parsing XDC File [c:/IMR_Projects/IMR/Acquire_FPGA/Vivado_Workspace/Acquire_Timer/Acquire_Timer.gen/sources_1/bd/Block_Diagram_Timer/ip/Block_Diagram_Timer_axi_timer_1_0/Block_Diagram_Timer_axi_timer_1_0/Block_Diagram_Timer_axi_timer_1_0_in_context.xdc] for cell 'Block_Diagram_Timer_i/axi_timer_1'
Parsing XDC File [c:/IMR_Projects/IMR/Acquire_FPGA/Vivado_Workspace/Acquire_Timer/Acquire_Timer.gen/sources_1/bd/Block_Diagram_Timer/ip/Block_Diagram_Timer_axi_intc_0_1/Block_Diagram_Timer_axi_intc_0_1/Block_Diagram_Timer_axi_intc_0_1_in_context.xdc] for cell 'Block_Diagram_Timer_i/axi_intc_0'
Finished Parsing XDC File [c:/IMR_Projects/IMR/Acquire_FPGA/Vivado_Workspace/Acquire_Timer/Acquire_Timer.gen/sources_1/bd/Block_Diagram_Timer/ip/Block_Diagram_Timer_axi_intc_0_1/Block_Diagram_Timer_axi_intc_0_1/Block_Diagram_Timer_axi_intc_0_1_in_context.xdc] for cell 'Block_Diagram_Timer_i/axi_intc_0'
Parsing XDC File [C:/IMR_Projects/IMR/Acquire_FPGA/Vivado_Workspace/Acquire_Timer/Acquire_Timer.srcs/constrs_1/new/Constraints.xdc]
Finished Parsing XDC File [C:/IMR_Projects/IMR/Acquire_FPGA/Vivado_Workspace/Acquire_Timer/Acquire_Timer.srcs/constrs_1/new/Constraints.xdc]
INFO: [Project 1-236] Implementation specific constraints were found while reading constraint file [C:/IMR_Projects/IMR/Acquire_FPGA/Vivado_Workspace/Acquire_Timer/Acquire_Timer.srcs/constrs_1/new/Constraints.xdc]. These constraints will be ignored for synthesis but will be used in implementation. Impacted constraints are listed in the file [.Xil/Block_Diagram_Timer_wrapper_propImpl.xdc].
Resolution: To avoid this warning, move constraints listed in [.Xil/Block_Diagram_Timer_wrapper_propImpl.xdc] to another XDC file and exclude this new file from synthesis with the used_in_synthesis property (File Properties dialog in GUI) and re-run elaboration/synthesis.
Parsing XDC File [C:/IMR_Projects/IMR/Acquire_FPGA/Vivado_Workspace/Acquire_Timer/Acquire_Timer.runs/synth_1/dont_touch.xdc]
Finished Parsing XDC File [C:/IMR_Projects/IMR/Acquire_FPGA/Vivado_Workspace/Acquire_Timer/Acquire_Timer.runs/synth_1/dont_touch.xdc]
Completed Processing XDC Constraints

Netlist sorting complete. Time (s): cpu = 00:00:00 ; elapsed = 00:00:00.001 . Memory (MB): peak = 1222.477 ; gain = 0.000
INFO: [Project 1-111] Unisim Transformation Summary:
No Unisim elements were transformed.

Constraint Validation Runtime : Time (s): cpu = 00:00:00 ; elapsed = 00:00:00.016 . Memory (MB): peak = 1222.477 ; gain = 0.000
WARNING: [Timing 38-316] Clock period '20.000' specified during out-of-context synthesis of instance 'Block_Diagram_Timer_i/microblaze_0_local_memory/custom_bram_0' at clock pin 'clka' is different from the actual clock period '10.000', this can lead to different synthesis results.
INFO: [Designutils 20-5440] No compile time benefit to using incremental synthesis; A full resynthesis will be run
INFO: [Designutils 20-4379] Flow is switching to default flow due to incremental criteria not met. If you would like to alter this behaviour and have the flow terminate instead, please set the following parameter config_implementation {autoIncr.Synth.RejectBehavior Terminate}
---------------------------------------------------------------------------------
Finished Constraint Validation : Time (s): cpu = 00:00:15 ; elapsed = 00:00:16 . Memory (MB): peak = 1222.477 ; gain = 582.344
---------------------------------------------------------------------------------
---------------------------------------------------------------------------------
Start Loading Part and Timing Information
---------------------------------------------------------------------------------
Loading part: xc7a100tcsg324-1
---------------------------------------------------------------------------------
Finished Loading Part and Timing Information : Time (s): cpu = 00:00:15 ; elapsed = 00:00:16 . Memory (MB): peak = 1222.477 ; gain = 582.344
---------------------------------------------------------------------------------
---------------------------------------------------------------------------------
Start Applying 'set_property' XDC Constraints
---------------------------------------------------------------------------------
Applied set_property IO_BUFFER_TYPE = NONE for CLK_IN. (constraint file  c:/IMR_Projects/IMR/Acquire_FPGA/Vivado_Workspace/Acquire_Timer/Acquire_Timer.gen/sources_1/bd/Block_Diagram_Timer/ip/Block_Diagram_Timer_clk_wiz_1_2/Block_Diagram_Timer_clk_wiz_1_2/Block_Diagram_Timer_clk_wiz_1_2_in_context.xdc, line 3).
Applied set_property CLOCK_BUFFER_TYPE = NONE for CLK_IN. (constraint file  c:/IMR_Projects/IMR/Acquire_FPGA/Vivado_Workspace/Acquire_Timer/Acquire_Timer.gen/sources_1/bd/Block_Diagram_Timer/ip/Block_Diagram_Timer_clk_wiz_1_2/Block_Diagram_Timer_clk_wiz_1_2/Block_Diagram_Timer_clk_wiz_1_2_in_context.xdc, line 4).
Applied set_property KEEP_HIERARCHY = SOFT for Block_Diagram_Timer_i. (constraint file  auto generated constraint).
Applied set_property KEEP_HIERARCHY = SOFT for Block_Diagram_Timer_i/microblaze_0. (constraint file  auto generated constraint).
Applied set_property KEEP_HIERARCHY = SOFT for Block_Diagram_Timer_i/microblaze_0_local_memory/dlmb_v10. (constraint file  auto generated constraint).
Applied set_property KEEP_HIERARCHY = SOFT for Block_Diagram_Timer_i/microblaze_0_local_memory/ilmb_v10. (constraint file  auto generated constraint).
Applied set_property KEEP_HIERARCHY = SOFT for Block_Diagram_Timer_i/microblaze_0_local_memory/dlmb_bram_if_cntlr. (constraint file  auto generated constraint).
Applied set_property KEEP_HIERARCHY = SOFT for Block_Diagram_Timer_i/microblaze_0_local_memory/ilmb_bram_if_cntlr. (constraint file  auto generated constraint).
Applied set_property KEEP_HIERARCHY = SOFT for Block_Diagram_Timer_i/microblaze_0_local_memory/custom_bram_0. (constraint file  auto generated constraint).
Applied set_property KEEP_HIERARCHY = SOFT for Block_Diagram_Timer_i/mdm_1. (constraint file  auto generated constraint).
Applied set_property KEEP_HIERARCHY = SOFT for Block_Diagram_Timer_i/clk_wiz_1. (constraint file  auto generated constraint).
Applied set_property KEEP_HIERARCHY = SOFT for Block_Diagram_Timer_i/rst_clk_wiz_1_100M. (constraint file  auto generated constraint).
Applied set_property KEEP_HIERARCHY = SOFT for Block_Diagram_Timer_i/util_vector_logic_0. (constraint file  auto generated constraint).
Applied set_property KEEP_HIERARCHY = SOFT for Block_Diagram_Timer_i/axi_gpio_0. (constraint file  auto generated constraint).
Applied set_property KEEP_HIERARCHY = SOFT for Block_Diagram_Timer_i/smartconnect_0. (constraint file  auto generated constraint).
Applied set_property KEEP_HIERARCHY = SOFT for Block_Diagram_Timer_i/axi_timer_0. (constraint file  auto generated constraint).
Applied set_property KEEP_HIERARCHY = SOFT for Block_Diagram_Timer_i/axi_timer_1. (constraint file  auto generated constraint).
Applied set_property KEEP_HIERARCHY = SOFT for Block_Diagram_Timer_i/axi_intc_0. (constraint file  auto generated constraint).
Applied set_property KEEP_HIERARCHY = SOFT for Block_Diagram_Timer_i/xlconstant_0. (constraint file  auto generated constraint).
Applied set_property KEEP_HIERARCHY = SOFT for Block_Diagram_Timer_i/xlconstant_1. (constraint file  auto generated constraint).
---------------------------------------------------------------------------------
Finished applying 'set_property' XDC Constraints : Time (s): cpu = 00:00:15 ; elapsed = 00:00:16 . Memory (MB): peak = 1222.477 ; gain = 582.344
---------------------------------------------------------------------------------
---------------------------------------------------------------------------------
Finished RTL Optimization Phase 2 : Time (s): cpu = 00:00:15 ; elapsed = 00:00:16 . Memory (MB): peak = 1222.477 ; gain = 582.344
---------------------------------------------------------------------------------
---------------------------------------------------------------------------------
Start RTL Component Statistics 
---------------------------------------------------------------------------------
Detailed RTL Component Info : 
---------------------------------------------------------------------------------
Finished RTL Component Statistics 
---------------------------------------------------------------------------------
---------------------------------------------------------------------------------
Start Part Resource Summary
---------------------------------------------------------------------------------
Part Resources:
DSPs: 240 (col length:80)
BRAMs: 270 (col length: RAMB18 80 RAMB36 40)
---------------------------------------------------------------------------------
Finished Part Resource Summary
---------------------------------------------------------------------------------
---------------------------------------------------------------------------------
Start Cross Boundary and Area Optimization
---------------------------------------------------------------------------------
WARNING: [Synth 8-7080] Parallel synthesis criteria is not met
---------------------------------------------------------------------------------
Finished Cross Boundary and Area Optimization : Time (s): cpu = 00:00:17 ; elapsed = 00:00:18 . Memory (MB): peak = 1228.129 ; gain = 587.996
---------------------------------------------------------------------------------
---------------------------------------------------------------------------------
Start Applying XDC Timing Constraints
---------------------------------------------------------------------------------
---------------------------------------------------------------------------------
Finished Applying XDC Timing Constraints : Time (s): cpu = 00:00:22 ; elapsed = 00:00:23 . Memory (MB): peak = 1395.363 ; gain = 755.230
---------------------------------------------------------------------------------
---------------------------------------------------------------------------------
Start Timing Optimization
---------------------------------------------------------------------------------
---------------------------------------------------------------------------------
Finished Timing Optimization : Time (s): cpu = 00:00:22 ; elapsed = 00:00:23 . Memory (MB): peak = 1395.512 ; gain = 755.379
---------------------------------------------------------------------------------
---------------------------------------------------------------------------------
Start Technology Mapping
---------------------------------------------------------------------------------
---------------------------------------------------------------------------------
Finished Technology Mapping : Time (s): cpu = 00:00:22 ; elapsed = 00:00:24 . Memory (MB): peak = 1405.891 ; gain = 765.758
---------------------------------------------------------------------------------
---------------------------------------------------------------------------------
Start IO Insertion
---------------------------------------------------------------------------------
---------------------------------------------------------------------------------
Start Flattening Before IO Insertion
---------------------------------------------------------------------------------
---------------------------------------------------------------------------------
Finished Flattening Before IO Insertion
---------------------------------------------------------------------------------
---------------------------------------------------------------------------------
Start Final Netlist Cleanup
---------------------------------------------------------------------------------
---------------------------------------------------------------------------------
Finished Final Netlist Cleanup
---------------------------------------------------------------------------------
---------------------------------------------------------------------------------
Finished IO Insertion : Time (s): cpu = 00:00:25 ; elapsed = 00:00:27 . Memory (MB): peak = 1622.340 ; gain = 982.207
---------------------------------------------------------------------------------
---------------------------------------------------------------------------------
Start Renaming Generated Instances
---------------------------------------------------------------------------------
---------------------------------------------------------------------------------
Finished Renaming Generated Instances : Time (s): cpu = 00:00:25 ; elapsed = 00:00:27 . Memory (MB): peak = 1622.340 ; gain = 982.207
---------------------------------------------------------------------------------
---------------------------------------------------------------------------------
Start Rebuilding User Hierarchy
---------------------------------------------------------------------------------
---------------------------------------------------------------------------------
Finished Rebuilding User Hierarchy : Time (s): cpu = 00:00:25 ; elapsed = 00:00:27 . Memory (MB): peak = 1622.340 ; gain = 982.207
---------------------------------------------------------------------------------
---------------------------------------------------------------------------------
Start Renaming Generated Ports
---------------------------------------------------------------------------------
---------------------------------------------------------------------------------
Finished Renaming Generated Ports : Time (s): cpu = 00:00:25 ; elapsed = 00:00:27 . Memory (MB): peak = 1622.340 ; gain = 982.207
---------------------------------------------------------------------------------
---------------------------------------------------------------------------------
Start Handling Custom Attributes
---------------------------------------------------------------------------------
---------------------------------------------------------------------------------
Finished Handling Custom Attributes : Time (s): cpu = 00:00:25 ; elapsed = 00:00:27 . Memory (MB): peak = 1622.340 ; gain = 982.207
---------------------------------------------------------------------------------
---------------------------------------------------------------------------------
Start Renaming Generated Nets
---------------------------------------------------------------------------------
---------------------------------------------------------------------------------
Finished Renaming Generated Nets : Time (s): cpu = 00:00:26 ; elapsed = 00:00:27 . Memory (MB): peak = 1622.340 ; gain = 982.207
---------------------------------------------------------------------------------
---------------------------------------------------------------------------------
Start Writing Synthesis Report
---------------------------------------------------------------------------------

Report BlackBoxes: 
+------+------------------------------------------+----------+
|      |BlackBox name                             |Instances |
+------+------------------------------------------+----------+
|1     |Block_Diagram_Timer_axi_gpio_0_0          |         1|
|2     |Block_Diagram_Timer_axi_intc_0_1          |         1|
|3     |Block_Diagram_Timer_axi_timer_0_1         |         1|
|4     |Block_Diagram_Timer_axi_timer_1_0         |         1|
|5     |Block_Diagram_Timer_clk_wiz_1_2           |         1|
|6     |Block_Diagram_Timer_mdm_1_0               |         1|
|7     |Block_Diagram_Timer_microblaze_0_2        |         1|
|8     |Block_Diagram_Timer_rst_clk_wiz_1_100M_2  |         1|
|9     |Block_Diagram_Timer_smartconnect_0_0      |         1|
|10    |Block_Diagram_Timer_util_vector_logic_0_1 |         1|
|11    |Block_Diagram_Timer_blk_mem_gen_0_0       |         1|
|12    |Block_Diagram_Timer_dlmb_bram_if_cntlr_2  |         1|
|13    |Block_Diagram_Timer_dlmb_v10_2            |         1|
|14    |Block_Diagram_Timer_ilmb_bram_if_cntlr_2  |         1|
|15    |Block_Diagram_Timer_ilmb_v10_2            |         1|
+------+------------------------------------------+----------+

Report Cell Usage: 
+------+----------------------------------------+------+
|      |Cell                                    |Count |
+------+----------------------------------------+------+
|1     |Block_Diagram_Timer_axi_gpio_0          |     1|
|2     |Block_Diagram_Timer_axi_intc_0          |     1|
|3     |Block_Diagram_Timer_axi_timer_0         |     1|
|4     |Block_Diagram_Timer_axi_timer_1         |     1|
|5     |Block_Diagram_Timer_blk_mem_gen_0       |     1|
|6     |Block_Diagram_Timer_clk_wiz_1           |     1|
|7     |Block_Diagram_Timer_dlmb_bram_if_cntlr  |     1|
|8     |Block_Diagram_Timer_dlmb_v10            |     1|
|9     |Block_Diagram_Timer_ilmb_bram_if_cntlr  |     1|
|10    |Block_Diagram_Timer_ilmb_v10            |     1|
|11    |Block_Diagram_Timer_mdm_1               |     1|
|12    |Block_Diagram_Timer_microblaze_0        |     1|
|13    |Block_Diagram_Timer_rst_clk_wiz_1_100M  |     1|
|14    |Block_Diagram_Timer_smartconnect_0      |     1|
|15    |Block_Diagram_Timer_util_vector_logic_0 |     1|
|16    |IBUF                                    |     3|
|17    |OBUF                                    |     6|
+------+----------------------------------------+------+
---------------------------------------------------------------------------------
Finished Writing Synthesis Report : Time (s): cpu = 00:00:26 ; elapsed = 00:00:27 . Memory (MB): peak = 1622.340 ; gain = 982.207
---------------------------------------------------------------------------------
Synthesis finished with 0 errors, 0 critical warnings and 1 warnings.
Synthesis Optimization Runtime : Time (s): cpu = 00:00:17 ; elapsed = 00:00:25 . Memory (MB): peak = 1622.340 ; gain = 982.207
Synthesis Optimization Complete : Time (s): cpu = 00:00:26 ; elapsed = 00:00:27 . Memory (MB): peak = 1622.340 ; gain = 982.207
INFO: [Project 1-571] Translating synthesized netlist
Netlist sorting complete. Time (s): cpu = 00:00:00 ; elapsed = 00:00:00.009 . Memory (MB): peak = 1631.449 ; gain = 0.000
INFO: [Project 1-570] Preparing netlist for logic optimization
INFO: [Opt 31-138] Pushed 0 inverter(s) to 0 load pin(s).
Netlist sorting complete. Time (s): cpu = 00:00:00 ; elapsed = 00:00:00.001 . Memory (MB): peak = 1635.090 ; gain = 0.000
INFO: [Project 1-111] Unisim Transformation Summary:
No Unisim elements were transformed.

Synth Design complete | Checksum: 8a34338e
INFO: [Common 17-83] Releasing license: Synthesis
67 Infos, 29 Warnings, 0 Critical Warnings and 0 Errors encountered.
synth_design completed successfully
synth_design: Time (s): cpu = 00:00:30 ; elapsed = 00:00:38 . Memory (MB): peak = 1635.090 ; gain = 1201.652
Write ShapeDB Complete: Time (s): cpu = 00:00:00 ; elapsed = 00:00:00.002 . Memory (MB): peak = 1635.090 ; gain = 0.000
INFO: [Common 17-1381] The checkpoint 'C:/IMR_Projects/IMR/Acquire_FPGA/Vivado_Workspace/Acquire_Timer/Acquire_Timer.runs/synth_1/Block_Diagram_Timer_wrapper.dcp' has been generated.
INFO: [Vivado 12-24828] Executing command : report_utilization -file Block_Diagram_Timer_wrapper_utilization_synth.rpt -pb Block_Diagram_Timer_wrapper_utilization_synth.pb
INFO: [Common 17-206] Exiting Vivado at Tue Jul 15 07:59:50 2025...
