Copyright 1986-2022 Xilinx, Inc. All Rights Reserved. Copyright 2022-2024 Advanced Micro Devices, Inc. All Rights Reserved.
---------------------------------------------------------------------------------------------------------------------------------------------
| Tool Version : Vivado v.2024.2 (win64) Build 5239630 Fri Nov 08 22:35:27 MST 2024
| Date         : Mon Nov 10 06:25:02 2025
| Host         : LAPTOP-6I567M9C running 64-bit major release  (build 9200)
| Command      : report_clock_utilization -file Block_Diagram_LCD_wrapper_clock_utilization_routed.rpt
| Design       : Block_Diagram_LCD_wrapper
| Device       : 7a100t-csg324
| Speed File   : -1  PRODUCTION 1.23 2018-06-13
| Design State : Routed
---------------------------------------------------------------------------------------------------------------------------------------------

Clock Utilization Report

Table of Contents
-----------------
1. Clock Primitive Utilization
2. Global Clock Resources
3. Global Clock Source Details
4. Local Clock Details
5. Clock Regions: Key Resource Utilization
6. Clock Regions : Global Clock Summary
7. Device Cell Placement Summary for Global Clock g0
8. Device Cell Placement Summary for Global Clock g1
9. Device Cell Placement Summary for Global Clock g2
10. Device Cell Placement Summary for Global Clock g3
11. Device Cell Placement Summary for Global Clock g4
12. Device Cell Placement Summary for Global Clock g5
13. Device Cell Placement Summary for Global Clock g6
14. Clock Region Cell Placement per Global Clock: Region X0Y0
15. Clock Region Cell Placement per Global Clock: Region X1Y0
16. Clock Region Cell Placement per Global Clock: Region X0Y1
17. Clock Region Cell Placement per Global Clock: Region X1Y1
18. Clock Region Cell Placement per Global Clock: Region X0Y2
19. Clock Region Cell Placement per Global Clock: Region X1Y2

1. Clock Primitive Utilization
------------------------------

+----------+------+-----------+-----+--------------+--------+
| Type     | Used | Available | LOC | Clock Region | Pblock |
+----------+------+-----------+-----+--------------+--------+
| BUFGCTRL |    6 |        32 |   0 |            0 |      0 |
| BUFH     |    1 |        96 |   0 |            0 |      0 |
| BUFIO    |    0 |        24 |   0 |            0 |      0 |
| BUFMR    |    0 |        12 |   0 |            0 |      0 |
| BUFR     |    0 |        24 |   0 |            0 |      0 |
| MMCM     |    2 |         6 |   1 |            0 |      0 |
| PLL      |    1 |         6 |   1 |            0 |      0 |
+----------+------+-----------+-----+--------------+--------+


2. Global Clock Resources
-------------------------

+-----------+-----------+-----------------+------------+----------------+--------------+-------------------+-------------+-----------------+--------------+---------------------------------------------------------------------+-------------------------------------------------------------------------------------------------------------------+------------------------------------------------------------------------------------------------------------------+
| Global Id | Source Id | Driver Type/Pin | Constraint | Site           | Clock Region | Load Clock Region | Clock Loads | Non-Clock Loads | Clock Period | Clock                                                               | Driver Pin                                                                                                        | Net                                                                                                              |
+-----------+-----------+-----------------+------------+----------------+--------------+-------------------+-------------+-----------------+--------------+---------------------------------------------------------------------+-------------------------------------------------------------------------------------------------------------------+------------------------------------------------------------------------------------------------------------------+
| g0        | src0      | BUFG/O          | None       | BUFGCTRL_X0Y0  | n/a          |                 6 |        7884 |               1 |       10.000 | clk_pll_i                                                           | Block_Diagram_LCD_i/mig_7series_0/u_Block_Diagram_LCD_mig_7series_0_0_mig/u_ddr3_infrastructure/u_bufg_clkdiv0/O  | Block_Diagram_LCD_i/mig_7series_0/u_Block_Diagram_LCD_mig_7series_0_0_mig/u_ddr3_infrastructure/u_bufg_clkdiv0_0 |
| g1        | src1      | BUFG/O          | None       | BUFGCTRL_X0Y1  | n/a          |                 4 |         234 |               0 |       33.333 | Block_Diagram_LCD_i/mdm_1/U0/Use_E2.BSCAN_I/Use_E2.BSCANE2_I/DRCK   | Block_Diagram_LCD_i/mdm_1/U0/No_Dbg_Reg_Access.BUFG_DRCK/Using_FPGA.Native/O                                      | Block_Diagram_LCD_i/mdm_1/U0/No_Dbg_Reg_Access.BUFG_DRCK/Dbg_Clk_0                                               |
| g2        | src2      | BUFG/O          | None       | BUFGCTRL_X0Y16 | n/a          |                 3 |          62 |               0 |        6.000 | clk_out1_Block_Diagram_LCD_clk_wiz_1_0                              | Block_Diagram_LCD_i/clk_wiz_1/inst/clkout1_buf/O                                                                  | Block_Diagram_LCD_i/clk_wiz_1/inst/clk_out1                                                                      |
| g3        | src3      | BUFG/O          | None       | BUFGCTRL_X0Y2  | n/a          |                 2 |          39 |               1 |       33.333 | Block_Diagram_LCD_i/mdm_1/U0/Use_E2.BSCAN_I/Use_E2.BSCANE2_I/UPDATE | Block_Diagram_LCD_i/mdm_1/U0/Use_E2.BSCAN_I/Dbg_Update_0_BUFG_inst/O                                              | Block_Diagram_LCD_i/mdm_1/U0/Use_E2.BSCAN_I/Dbg_Update_0_BUFG                                                    |
| g4        | src4      | BUFG/O          | None       | BUFGCTRL_X0Y17 | n/a          |                 1 |           1 |               0 |        5.000 | clk_out2_Block_Diagram_LCD_clk_wiz_1_0                              | Block_Diagram_LCD_i/clk_wiz_1/inst/clkout2_buf/O                                                                  | Block_Diagram_LCD_i/clk_wiz_1/inst/clk_out2                                                                      |
| g5        | src5      | BUFG/O          | None       | BUFGCTRL_X0Y18 | n/a          |                 1 |           1 |               0 |       10.000 | clkfbout_Block_Diagram_LCD_clk_wiz_1_0                              | Block_Diagram_LCD_i/clk_wiz_1/inst/clkf_buf/O                                                                     | Block_Diagram_LCD_i/clk_wiz_1/inst/clkfbout_buf_Block_Diagram_LCD_clk_wiz_1_0                                    |
| g6        | src6      | BUFH/O          | None       | BUFHCE_X1Y12   | X1Y1         |                 1 |           1 |               0 |       10.000 | pll_clk3_out                                                        | Block_Diagram_LCD_i/mig_7series_0/u_Block_Diagram_LCD_mig_7series_0_0_mig/u_ddr3_infrastructure/u_bufh_pll_clk3/O | Block_Diagram_LCD_i/mig_7series_0/u_Block_Diagram_LCD_mig_7series_0_0_mig/u_ddr3_infrastructure/pll_clk3         |
+-----------+-----------+-----------------+------------+----------------+--------------+-------------------+-------------+-----------------+--------------+---------------------------------------------------------------------+-------------------------------------------------------------------------------------------------------------------+------------------------------------------------------------------------------------------------------------------+
* Clock Loads column represents cell count of net connects that connect to a clock pin. Internal cell leaf pins are not considered
** Non-Clock Loads column represents cell count of non-clock pin loads


3. Global Clock Source Details
------------------------------

+-----------+-----------+---------------------+-----------------+-----------------+--------------+-------------+-----------------+---------------------+---------------------------------------------------------------------+--------------------------------------------------------------------------------------------------------------------------+--------------------------------------------------------------------------------------------------------------+
| Source Id | Global Id | Driver Type/Pin     | Constraint      | Site            | Clock Region | Clock Loads | Non-Clock Loads | Source Clock Period | Source Clock                                                        | Driver Pin                                                                                                               | Net                                                                                                          |
+-----------+-----------+---------------------+-----------------+-----------------+--------------+-------------+-----------------+---------------------+---------------------------------------------------------------------+--------------------------------------------------------------------------------------------------------------------------+--------------------------------------------------------------------------------------------------------------+
| src0      | g0        | MMCME2_ADV/CLKFBOUT | MMCME2_ADV_X1Y1 | MMCME2_ADV_X1Y1 | X1Y1         |           1 |               0 |              10.000 | clk_pll_i                                                           | Block_Diagram_LCD_i/mig_7series_0/u_Block_Diagram_LCD_mig_7series_0_0_mig/u_ddr3_infrastructure/gen_mmcm.mmcm_i/CLKFBOUT | Block_Diagram_LCD_i/mig_7series_0/u_Block_Diagram_LCD_mig_7series_0_0_mig/u_ddr3_infrastructure/clk_pll_i    |
| src1      | g1        | BSCANE2/DRCK        | None            | BSCAN_X0Y1      | X0Y1         |           1 |               0 |              33.333 | Block_Diagram_LCD_i/mdm_1/U0/Use_E2.BSCAN_I/Use_E2.BSCANE2_I/DRCK   | Block_Diagram_LCD_i/mdm_1/U0/Use_E2.BSCAN_I/Use_E2.BSCANE2_I/DRCK                                                        | Block_Diagram_LCD_i/mdm_1/U0/Use_E2.BSCAN_I/DRCK                                                             |
| src2      | g2        | MMCME2_ADV/CLKOUT0  | None            | MMCME2_ADV_X1Y2 | X1Y2         |           1 |               0 |               6.000 | clk_out1_Block_Diagram_LCD_clk_wiz_1_0                              | Block_Diagram_LCD_i/clk_wiz_1/inst/mmcm_adv_inst/CLKOUT0                                                                 | Block_Diagram_LCD_i/clk_wiz_1/inst/clk_out1_Block_Diagram_LCD_clk_wiz_1_0                                    |
| src3      | g3        | BSCANE2/UPDATE      | None            | BSCAN_X0Y1      | X0Y1         |           1 |               0 |              33.333 | Block_Diagram_LCD_i/mdm_1/U0/Use_E2.BSCAN_I/Use_E2.BSCANE2_I/UPDATE | Block_Diagram_LCD_i/mdm_1/U0/Use_E2.BSCAN_I/Use_E2.BSCANE2_I/UPDATE                                                      | Block_Diagram_LCD_i/mdm_1/U0/Use_E2.BSCAN_I/Dbg_Update_0                                                     |
| src4      | g4        | MMCME2_ADV/CLKOUT1  | None            | MMCME2_ADV_X1Y2 | X1Y2         |           1 |               0 |               5.000 | clk_out2_Block_Diagram_LCD_clk_wiz_1_0                              | Block_Diagram_LCD_i/clk_wiz_1/inst/mmcm_adv_inst/CLKOUT1                                                                 | Block_Diagram_LCD_i/clk_wiz_1/inst/clk_out2_Block_Diagram_LCD_clk_wiz_1_0                                    |
| src5      | g5        | MMCME2_ADV/CLKFBOUT | None            | MMCME2_ADV_X1Y2 | X1Y2         |           1 |               0 |              10.000 | clkfbout_Block_Diagram_LCD_clk_wiz_1_0                              | Block_Diagram_LCD_i/clk_wiz_1/inst/mmcm_adv_inst/CLKFBOUT                                                                | Block_Diagram_LCD_i/clk_wiz_1/inst/clkfbout_Block_Diagram_LCD_clk_wiz_1_0                                    |
| src6      | g6        | PLLE2_ADV/CLKOUT3   | PLLE2_ADV_X1Y1  | PLLE2_ADV_X1Y1  | X1Y1         |           1 |               0 |              10.000 | pll_clk3_out                                                        | Block_Diagram_LCD_i/mig_7series_0/u_Block_Diagram_LCD_mig_7series_0_0_mig/u_ddr3_infrastructure/plle2_i/CLKOUT3          | Block_Diagram_LCD_i/mig_7series_0/u_Block_Diagram_LCD_mig_7series_0_0_mig/u_ddr3_infrastructure/pll_clk3_out |
+-----------+-----------+---------------------+-----------------+-----------------+--------------+-------------+-----------------+---------------------+---------------------------------------------------------------------+--------------------------------------------------------------------------------------------------------------------------+--------------------------------------------------------------------------------------------------------------+
* Clock Loads column represents cell count of net connects that connect to a clock pin. Internal cell leaf pins are not considered
** Non-Clock Loads column represents cell count of non-clock pin loads


4. Local Clock Details
----------------------

+----------+----------------------------+---------------------+------------------------------------+--------------+-------------+-----------------+--------------+---------------+------------------------------------------------------------------------------------------------------------------------------------------------------------------------------------------------------------------------------------------------+---------------------------------------------------------------------------------------------------------------------------------------------------------------------------------------------------------------------------------------------+
| Local Id | Driver Type/Pin            | Constraint          | Site/BEL                           | Clock Region | Clock Loads | Non-Clock Loads | Clock Period | Clock         | Driver Pin                                                                                                                                                                                                                                     | Net                                                                                                                                                                                                                                         |
+----------+----------------------------+---------------------+------------------------------------+--------------+-------------+-----------------+--------------+---------------+------------------------------------------------------------------------------------------------------------------------------------------------------------------------------------------------------------------------------------------------+---------------------------------------------------------------------------------------------------------------------------------------------------------------------------------------------------------------------------------------------+
| 0        | PLLE2_ADV/CLKOUT0          | PLLE2_ADV_X1Y1      | PLLE2_ADV_X1Y1/PLLE2_ADV           | X1Y1         |           5 |               2 |        1.250 | freq_refclk   | Block_Diagram_LCD_i/mig_7series_0/u_Block_Diagram_LCD_mig_7series_0_0_mig/u_ddr3_infrastructure/plle2_i/CLKOUT0                                                                                                                                | Block_Diagram_LCD_i/mig_7series_0/u_Block_Diagram_LCD_mig_7series_0_0_mig/u_ddr3_infrastructure/freq_refclk                                                                                                                                 |
| 1        | PHASER_OUT_PHY/OCLKDELAYED | PHASER_OUT_PHY_X1Y6 | PHASER_OUT_PHY_X1Y6/PHASER_OUT_PHY | X1Y1         |           2 |               0 |        2.500 | oserdes_clk_2 | Block_Diagram_LCD_i/mig_7series_0/u_Block_Diagram_LCD_mig_7series_0_0_mig/u_memc_ui_top_axi/mem_intfc0/ddr_phy_top0/u_ddr_mc_phy_wrapper/u_ddr_mc_phy/ddr_phy_4lanes_0.u_ddr_phy_4lanes/ddr_byte_lane_C.ddr_byte_lane_C/phaser_out/OCLKDELAYED | Block_Diagram_LCD_i/mig_7series_0/u_Block_Diagram_LCD_mig_7series_0_0_mig/u_memc_ui_top_axi/mem_intfc0/ddr_phy_top0/u_ddr_mc_phy_wrapper/u_ddr_mc_phy/ddr_phy_4lanes_0.u_ddr_phy_4lanes/ddr_byte_lane_C.ddr_byte_lane_C/oserdes_clk_delayed |
| 2        | PHASER_OUT_PHY/OCLKDELAYED | PHASER_OUT_PHY_X1Y7 | PHASER_OUT_PHY_X1Y7/PHASER_OUT_PHY | X1Y1         |           2 |               0 |        2.500 | oserdes_clk_3 | Block_Diagram_LCD_i/mig_7series_0/u_Block_Diagram_LCD_mig_7series_0_0_mig/u_memc_ui_top_axi/mem_intfc0/ddr_phy_top0/u_ddr_mc_phy_wrapper/u_ddr_mc_phy/ddr_phy_4lanes_0.u_ddr_phy_4lanes/ddr_byte_lane_D.ddr_byte_lane_D/phaser_out/OCLKDELAYED | Block_Diagram_LCD_i/mig_7series_0/u_Block_Diagram_LCD_mig_7series_0_0_mig/u_memc_ui_top_axi/mem_intfc0/ddr_phy_top0/u_ddr_mc_phy_wrapper/u_ddr_mc_phy/ddr_phy_4lanes_0.u_ddr_phy_4lanes/ddr_byte_lane_D.ddr_byte_lane_D/oserdes_clk_delayed |
| 3        | PLLE2_ADV/CLKOUT1          | PLLE2_ADV_X1Y1      | PLLE2_ADV_X1Y1/PLLE2_ADV           | X1Y1         |           1 |               6 |        2.500 | mem_refclk    | Block_Diagram_LCD_i/mig_7series_0/u_Block_Diagram_LCD_mig_7series_0_0_mig/u_ddr3_infrastructure/plle2_i/CLKOUT1                                                                                                                                | Block_Diagram_LCD_i/mig_7series_0/u_Block_Diagram_LCD_mig_7series_0_0_mig/u_ddr3_infrastructure/mem_refclk                                                                                                                                  |
+----------+----------------------------+---------------------+------------------------------------+--------------+-------------+-----------------+--------------+---------------+------------------------------------------------------------------------------------------------------------------------------------------------------------------------------------------------------------------------------------------------+---------------------------------------------------------------------------------------------------------------------------------------------------------------------------------------------------------------------------------------------+
* Local Clocks in this context represents only clocks driven by non-global buffers
** Clock Loads column represents cell count of net connects that connect to a clock pin. Internal cell leaf pins are not considered
*** Non-Clock Loads column represents cell count of non-clock pin loads


5. Clock Regions: Key Resource Utilization
------------------------------------------

+-------------------+--------------+--------------+--------------+--------------+--------------+--------------+--------------+--------------+--------------+--------------+--------------+--------------+--------------+--------------+--------------+
|                   | Global Clock |     BUFRs    |    BUFMRs    |    BUFIOs    |     MMCM     |      PLL     |      GT      |      PCI     |    ILOGIC    |    OLOGIC    |      FF      |     LUTM     |    RAMB18    |    RAMB36    |    DSP48E2   |
+-------------------+------+-------+------+-------+------+-------+------+-------+------+-------+------+-------+------+-------+------+-------+------+-------+------+-------+------+-------+------+-------+------+-------+------+-------+------+-------+
| Clock Region Name | Used | Avail | Used | Avail | Used | Avail | Used | Avail | Used | Avail | Used | Avail | Used | Avail | Used | Avail | Used | Avail | Used | Avail | Used | Avail | Used | Avail | Used | Avail | Used | Avail | Used | Avail |
+-------------------+------+-------+------+-------+------+-------+------+-------+------+-------+------+-------+------+-------+------+-------+------+-------+------+-------+------+-------+------+-------+------+-------+------+-------+------+-------+
| X0Y0              |    3 |    12 |    0 |     4 |    0 |     2 |    0 |     4 |    0 |     1 |    0 |     1 |    0 |     0 |    0 |     0 |    0 |    50 |    0 |    50 |  244 |  2600 |   73 |   600 |    0 |    20 |    0 |    10 |    0 |    20 |
| X1Y0              |    2 |    12 |    0 |     0 |    0 |     0 |    0 |     0 |    0 |     0 |    0 |     0 |    0 |     4 |    0 |     0 |    0 |     0 |    0 |     0 |  287 |  1500 |  122 |   550 |    0 |    40 |    2 |    20 |    0 |    40 |
| X0Y1              |    3 |    12 |    0 |     4 |    0 |     2 |    0 |     4 |    0 |     1 |    0 |     1 |    0 |     0 |    0 |     0 |    0 |    50 |    0 |    50 | 2608 |  2000 |  688 |   600 |    0 |    20 |    0 |    10 |    0 |    20 |
| X1Y1              |    5 |    12 |    0 |     4 |    0 |     2 |    0 |     4 |    1 |     1 |    1 |     1 |    0 |     0 |    0 |     0 |    0 |    50 |    4 |    50 | 4042 |  1900 | 1454 |   650 |    0 |    60 |    6 |    30 |    3 |    40 |
| X0Y2              |    2 |    12 |    0 |     4 |    0 |     2 |    0 |     4 |    0 |     1 |    0 |     1 |    0 |     0 |    0 |     0 |    0 |    50 |    0 |    50 |  367 |  2000 |   99 |   600 |    0 |    20 |    0 |    10 |    0 |    20 |
| X1Y2              |    3 |    12 |    0 |     4 |    0 |     2 |    0 |     4 |    1 |     1 |    0 |     1 |    0 |     0 |    0 |     0 |    1 |    50 |    1 |    50 |  152 |  1900 |   58 |   650 |    0 |    60 |    0 |    30 |    0 |    40 |
| X0Y3              |    0 |    12 |    0 |     4 |    0 |     2 |    0 |     4 |    0 |     1 |    0 |     1 |    0 |     0 |    0 |     0 |    0 |    50 |    0 |    50 |    0 |  2600 |    0 |   600 |    0 |    20 |    0 |    10 |    0 |    20 |
| X1Y3              |    0 |    12 |    0 |     0 |    0 |     0 |    0 |     0 |    0 |     0 |    0 |     0 |    0 |     4 |    0 |     1 |    0 |     0 |    0 |     0 |    0 |  1350 |    0 |   500 |    0 |    30 |    0 |    15 |    0 |    40 |
+-------------------+------+-------+------+-------+------+-------+------+-------+------+-------+------+-------+------+-------+------+-------+------+-------+------+-------+------+-------+------+-------+------+-------+------+-------+------+-------+
* Global Clock column represents track count; while other columns represents cell counts


6. Clock Regions : Global Clock Summary
---------------------------------------

All Modules
+----+----+----+
|    | X0 | X1 |
+----+----+----+
| Y3 |  0 |  0 |
| Y2 |  0 |  0 |
| Y1 |  0 |  0 |
| Y0 |  0 |  0 |
+----+----+----+


7. Device Cell Placement Summary for Global Clock g0
----------------------------------------------------

+-----------+-----------------+-------------------+-----------+-------------+---------------+-------------+----------+----------------+----------+------------------------------------------------------------------------------------------------------------------+
| Global Id | Driver Type/Pin | Driver Region (D) | Clock     | Period (ns) | Waveform (ns) | Slice Loads | IO Loads | Clocking Loads | GT Loads | Net                                                                                                              |
+-----------+-----------------+-------------------+-----------+-------------+---------------+-------------+----------+----------------+----------+------------------------------------------------------------------------------------------------------------------+
| g0        | BUFG/O          | n/a               | clk_pll_i |      10.000 | {0.000 5.000} |        7699 |        1 |              1 |        0 | Block_Diagram_LCD_i/mig_7series_0/u_Block_Diagram_LCD_mig_7series_0_0_mig/u_ddr3_infrastructure/u_bufg_clkdiv0_0 |
+-----------+-----------------+-------------------+-----------+-------------+---------------+-------------+----------+----------------+----------+------------------------------------------------------------------------------------------------------------------+
* Slice Loads column represents load cell count of all cell types other than IO, GT and clock resources
** IO Loads column represents load cell count of IO types
*** Clocking Loads column represents load cell count that are clock resources (global clock buffer, MMCM, PLL, etc)
**** GT Loads column represents load cell count of GT types


+----+-------+-------+-----------------------+
|    | X0    | X1    | HORIZONTAL PROG DELAY |
+----+-------+-------+-----------------------+
| Y3 |     0 |     0 |                     - |
| Y2 |   323 |   137 |                     0 |
| Y1 |  2569 |  4245 |                     0 |
| Y0 |   146 |   281 |                     0 |
+----+-------+-------+-----------------------+


8. Device Cell Placement Summary for Global Clock g1
----------------------------------------------------

+-----------+-----------------+-------------------+-------------------------------------------------------------------+-------------+----------------+-------------+----------+----------------+----------+--------------------------------------------------------------------+
| Global Id | Driver Type/Pin | Driver Region (D) | Clock                                                             | Period (ns) | Waveform (ns)  | Slice Loads | IO Loads | Clocking Loads | GT Loads | Net                                                                |
+-----------+-----------------+-------------------+-------------------------------------------------------------------+-------------+----------------+-------------+----------+----------------+----------+--------------------------------------------------------------------+
| g1        | BUFG/O          | n/a               | Block_Diagram_LCD_i/mdm_1/U0/Use_E2.BSCAN_I/Use_E2.BSCANE2_I/DRCK |      33.333 | {0.000 16.667} |         234 |        0 |              0 |        0 | Block_Diagram_LCD_i/mdm_1/U0/No_Dbg_Reg_Access.BUFG_DRCK/Dbg_Clk_0 |
+-----------+-----------------+-------------------+-------------------------------------------------------------------+-------------+----------------+-------------+----------+----------------+----------+--------------------------------------------------------------------+
* Slice Loads column represents load cell count of all cell types other than IO, GT and clock resources
** IO Loads column represents load cell count of IO types
*** Clocking Loads column represents load cell count that are clock resources (global clock buffer, MMCM, PLL, etc)
**** GT Loads column represents load cell count of GT types


+----+------+-----+-----------------------+
|    | X0   | X1  | HORIZONTAL PROG DELAY |
+----+------+-----+-----------------------+
| Y3 |    0 |   0 |                     - |
| Y2 |    0 |   0 |                     - |
| Y1 |  123 |   4 |                     0 |
| Y0 |   97 |  10 |                     0 |
+----+------+-----+-----------------------+


9. Device Cell Placement Summary for Global Clock g2
----------------------------------------------------

+-----------+-----------------+-------------------+----------------------------------------+-------------+---------------+-------------+----------+----------------+----------+---------------------------------------------+
| Global Id | Driver Type/Pin | Driver Region (D) | Clock                                  | Period (ns) | Waveform (ns) | Slice Loads | IO Loads | Clocking Loads | GT Loads | Net                                         |
+-----------+-----------------+-------------------+----------------------------------------+-------------+---------------+-------------+----------+----------------+----------+---------------------------------------------+
| g2        | BUFG/O          | n/a               | clk_out1_Block_Diagram_LCD_clk_wiz_1_0 |       6.000 | {0.000 3.000} |          62 |        0 |              0 |        0 | Block_Diagram_LCD_i/clk_wiz_1/inst/clk_out1 |
+-----------+-----------------+-------------------+----------------------------------------+-------------+---------------+-------------+----------+----------------+----------+---------------------------------------------+
* Slice Loads column represents load cell count of all cell types other than IO, GT and clock resources
** IO Loads column represents load cell count of IO types
*** Clocking Loads column represents load cell count that are clock resources (global clock buffer, MMCM, PLL, etc)
**** GT Loads column represents load cell count of GT types


+----+-----+-----+-----------------------+
|    | X0  | X1  | HORIZONTAL PROG DELAY |
+----+-----+-----+-----------------------+
| Y3 |   0 |   0 |                     - |
| Y2 |  46 |  15 |                     0 |
| Y1 |   0 |   1 |                     0 |
| Y0 |   0 |   0 |                     - |
+----+-----+-----+-----------------------+


10. Device Cell Placement Summary for Global Clock g3
-----------------------------------------------------

+-----------+-----------------+-------------------+---------------------------------------------------------------------+-------------+----------------+-------------+----------+----------------+----------+---------------------------------------------------------------+
| Global Id | Driver Type/Pin | Driver Region (D) | Clock                                                               | Period (ns) | Waveform (ns)  | Slice Loads | IO Loads | Clocking Loads | GT Loads | Net                                                           |
+-----------+-----------------+-------------------+---------------------------------------------------------------------+-------------+----------------+-------------+----------+----------------+----------+---------------------------------------------------------------+
| g3        | BUFG/O          | n/a               | Block_Diagram_LCD_i/mdm_1/U0/Use_E2.BSCAN_I/Use_E2.BSCANE2_I/UPDATE |      33.333 | {0.000 16.667} |          40 |        0 |              0 |        0 | Block_Diagram_LCD_i/mdm_1/U0/Use_E2.BSCAN_I/Dbg_Update_0_BUFG |
+-----------+-----------------+-------------------+---------------------------------------------------------------------+-------------+----------------+-------------+----------+----------------+----------+---------------------------------------------------------------+
* Slice Loads column represents load cell count of all cell types other than IO, GT and clock resources
** IO Loads column represents load cell count of IO types
*** Clocking Loads column represents load cell count that are clock resources (global clock buffer, MMCM, PLL, etc)
**** GT Loads column represents load cell count of GT types


+----+-----+----+-----------------------+
|    | X0  | X1 | HORIZONTAL PROG DELAY |
+----+-----+----+-----------------------+
| Y3 |   0 |  0 |                     - |
| Y2 |   0 |  0 |                     - |
| Y1 |   9 |  0 |                     0 |
| Y0 |  31 |  0 |                     0 |
+----+-----+----+-----------------------+


11. Device Cell Placement Summary for Global Clock g4
-----------------------------------------------------

+-----------+-----------------+-------------------+----------------------------------------+-------------+---------------+-------------+----------+----------------+----------+---------------------------------------------+
| Global Id | Driver Type/Pin | Driver Region (D) | Clock                                  | Period (ns) | Waveform (ns) | Slice Loads | IO Loads | Clocking Loads | GT Loads | Net                                         |
+-----------+-----------------+-------------------+----------------------------------------+-------------+---------------+-------------+----------+----------------+----------+---------------------------------------------+
| g4        | BUFG/O          | n/a               | clk_out2_Block_Diagram_LCD_clk_wiz_1_0 |       5.000 | {0.000 2.500} |           0 |        0 |              1 |        0 | Block_Diagram_LCD_i/clk_wiz_1/inst/clk_out2 |
+-----------+-----------------+-------------------+----------------------------------------+-------------+---------------+-------------+----------+----------------+----------+---------------------------------------------+
* Slice Loads column represents load cell count of all cell types other than IO, GT and clock resources
** IO Loads column represents load cell count of IO types
*** Clocking Loads column represents load cell count that are clock resources (global clock buffer, MMCM, PLL, etc)
**** GT Loads column represents load cell count of GT types


+----+----+----+-----------------------+
|    | X0 | X1 | HORIZONTAL PROG DELAY |
+----+----+----+-----------------------+
| Y3 |  0 |  0 |                     - |
| Y2 |  0 |  0 |                     - |
| Y1 |  0 |  1 |                     0 |
| Y0 |  0 |  0 |                     - |
+----+----+----+-----------------------+


12. Device Cell Placement Summary for Global Clock g5
-----------------------------------------------------

+-----------+-----------------+-------------------+----------------------------------------+-------------+---------------+-------------+----------+----------------+----------+-------------------------------------------------------------------------------+
| Global Id | Driver Type/Pin | Driver Region (D) | Clock                                  | Period (ns) | Waveform (ns) | Slice Loads | IO Loads | Clocking Loads | GT Loads | Net                                                                           |
+-----------+-----------------+-------------------+----------------------------------------+-------------+---------------+-------------+----------+----------------+----------+-------------------------------------------------------------------------------+
| g5        | BUFG/O          | n/a               | clkfbout_Block_Diagram_LCD_clk_wiz_1_0 |      10.000 | {0.000 5.000} |           0 |        0 |              1 |        0 | Block_Diagram_LCD_i/clk_wiz_1/inst/clkfbout_buf_Block_Diagram_LCD_clk_wiz_1_0 |
+-----------+-----------------+-------------------+----------------------------------------+-------------+---------------+-------------+----------+----------------+----------+-------------------------------------------------------------------------------+
* Slice Loads column represents load cell count of all cell types other than IO, GT and clock resources
** IO Loads column represents load cell count of IO types
*** Clocking Loads column represents load cell count that are clock resources (global clock buffer, MMCM, PLL, etc)
**** GT Loads column represents load cell count of GT types


+----+----+----+-----------------------+
|    | X0 | X1 | HORIZONTAL PROG DELAY |
+----+----+----+-----------------------+
| Y3 |  0 |  0 |                     - |
| Y2 |  0 |  1 |                     0 |
| Y1 |  0 |  0 |                     - |
| Y0 |  0 |  0 |                     - |
+----+----+----+-----------------------+


13. Device Cell Placement Summary for Global Clock g6
-----------------------------------------------------

+-----------+-----------------+-------------------+--------------+-------------+---------------+-------------+----------+----------------+----------+----------------------------------------------------------------------------------------------------------+
| Global Id | Driver Type/Pin | Driver Region (D) | Clock        | Period (ns) | Waveform (ns) | Slice Loads | IO Loads | Clocking Loads | GT Loads | Net                                                                                                      |
+-----------+-----------------+-------------------+--------------+-------------+---------------+-------------+----------+----------------+----------+----------------------------------------------------------------------------------------------------------+
| g6        | BUFH/O          | X1Y1              | pll_clk3_out |      10.000 | {0.000 5.000} |           0 |        0 |              1 |        0 | Block_Diagram_LCD_i/mig_7series_0/u_Block_Diagram_LCD_mig_7series_0_0_mig/u_ddr3_infrastructure/pll_clk3 |
+-----------+-----------------+-------------------+--------------+-------------+---------------+-------------+----------+----------------+----------+----------------------------------------------------------------------------------------------------------+
* Slice Loads column represents load cell count of all cell types other than IO, GT and clock resources
** IO Loads column represents load cell count of IO types
*** Clocking Loads column represents load cell count that are clock resources (global clock buffer, MMCM, PLL, etc)
**** GT Loads column represents load cell count of GT types


+----+----+--------+-----------------------+
|    | X0 | X1     | HORIZONTAL PROG DELAY |
+----+----+--------+-----------------------+
| Y3 |  0 |      0 |                     - |
| Y2 |  0 |      0 |                     - |
| Y1 |  0 |  (D) 1 |                     0 |
| Y0 |  0 |      0 |                     - |
+----+----+--------+-----------------------+


14. Clock Region Cell Placement per Global Clock: Region X0Y0
-------------------------------------------------------------

+-----------+-------+-----------------+------------+-------------+-----------------+-----+-------------+------+-----+----+------+-----+---------+------------------------------------------------------------------------------------------------------------------+
| Global Id | Track | Driver Type/Pin | Constraint | Clock Loads | Non-Clock Loads | FF  | Memory LUTs | RAMB | DSP | GT | MMCM | PLL | Hard IP | Net                                                                                                              |
+-----------+-------+-----------------+------------+-------------+-----------------+-----+-------------+------+-----+----+------+-----+---------+------------------------------------------------------------------------------------------------------------------+
| g0        | n/a   | BUFG/O          | None       |         146 |               0 | 122 |          24 |    0 |   0 |  0 |    0 |   0 |       0 | Block_Diagram_LCD_i/mig_7series_0/u_Block_Diagram_LCD_mig_7series_0_0_mig/u_ddr3_infrastructure/u_bufg_clkdiv0_0 |
| g1        | n/a   | BUFG/O          | None       |          97 |               0 |  92 |           5 |    0 |   0 |  0 |    0 |   0 |       0 | Block_Diagram_LCD_i/mdm_1/U0/No_Dbg_Reg_Access.BUFG_DRCK/Dbg_Clk_0                                               |
| g3        | n/a   | BUFG/O          | None       |          30 |               1 |  30 |           0 |    0 |   0 |  0 |    0 |   0 |       0 | Block_Diagram_LCD_i/mdm_1/U0/Use_E2.BSCAN_I/Dbg_Update_0_BUFG                                                    |
+-----------+-------+-----------------+------------+-------------+-----------------+-----+-------------+------+-----+----+------+-----+---------+------------------------------------------------------------------------------------------------------------------+
* Clock Loads column represents cell count of net connects that connect to a clock pin. Internal cell leaf pins are not considered
** Non-Clock Loads column represents cell count of non-clock pin loads
*** Columns FF, LUTRAM, RAMB through 'Hard IP' represents load cell counts


15. Clock Region Cell Placement per Global Clock: Region X1Y0
-------------------------------------------------------------

+-----------+-------+-----------------+------------+-------------+-----------------+-----+-------------+------+-----+----+------+-----+---------+------------------------------------------------------------------------------------------------------------------+
| Global Id | Track | Driver Type/Pin | Constraint | Clock Loads | Non-Clock Loads | FF  | Memory LUTs | RAMB | DSP | GT | MMCM | PLL | Hard IP | Net                                                                                                              |
+-----------+-------+-----------------+------------+-------------+-----------------+-----+-------------+------+-----+----+------+-----+---------+------------------------------------------------------------------------------------------------------------------+
| g0        | n/a   | BUFG/O          | None       |         281 |               0 | 277 |           2 |    2 |   0 |  0 |    0 |   0 |       0 | Block_Diagram_LCD_i/mig_7series_0/u_Block_Diagram_LCD_mig_7series_0_0_mig/u_ddr3_infrastructure/u_bufg_clkdiv0_0 |
| g1        | n/a   | BUFG/O          | None       |          10 |               0 |  10 |           0 |    0 |   0 |  0 |    0 |   0 |       0 | Block_Diagram_LCD_i/mdm_1/U0/No_Dbg_Reg_Access.BUFG_DRCK/Dbg_Clk_0                                               |
+-----------+-------+-----------------+------------+-------------+-----------------+-----+-------------+------+-----+----+------+-----+---------+------------------------------------------------------------------------------------------------------------------+
* Clock Loads column represents cell count of net connects that connect to a clock pin. Internal cell leaf pins are not considered
** Non-Clock Loads column represents cell count of non-clock pin loads
*** Columns FF, LUTRAM, RAMB through 'Hard IP' represents load cell counts


16. Clock Region Cell Placement per Global Clock: Region X0Y1
-------------------------------------------------------------

+-----------+-------+-----------------+------------+-------------+-----------------+------+-------------+------+-----+----+------+-----+---------+------------------------------------------------------------------------------------------------------------------+
| Global Id | Track | Driver Type/Pin | Constraint | Clock Loads | Non-Clock Loads | FF   | Memory LUTs | RAMB | DSP | GT | MMCM | PLL | Hard IP | Net                                                                                                              |
+-----------+-------+-----------------+------------+-------------+-----------------+------+-------------+------+-----+----+------+-----+---------+------------------------------------------------------------------------------------------------------------------+
| g0        | n/a   | BUFG/O          | None       |        2569 |               0 | 2495 |          74 |    0 |   0 |  0 |    0 |   0 |       0 | Block_Diagram_LCD_i/mig_7series_0/u_Block_Diagram_LCD_mig_7series_0_0_mig/u_ddr3_infrastructure/u_bufg_clkdiv0_0 |
| g1        | n/a   | BUFG/O          | None       |         123 |               0 |  104 |          19 |    0 |   0 |  0 |    0 |   0 |       0 | Block_Diagram_LCD_i/mdm_1/U0/No_Dbg_Reg_Access.BUFG_DRCK/Dbg_Clk_0                                               |
| g3        | n/a   | BUFG/O          | None       |           9 |               0 |    9 |           0 |    0 |   0 |  0 |    0 |   0 |       0 | Block_Diagram_LCD_i/mdm_1/U0/Use_E2.BSCAN_I/Dbg_Update_0_BUFG                                                    |
+-----------+-------+-----------------+------------+-------------+-----------------+------+-------------+------+-----+----+------+-----+---------+------------------------------------------------------------------------------------------------------------------+
* Clock Loads column represents cell count of net connects that connect to a clock pin. Internal cell leaf pins are not considered
** Non-Clock Loads column represents cell count of non-clock pin loads
*** Columns FF, LUTRAM, RAMB through 'Hard IP' represents load cell counts


17. Clock Region Cell Placement per Global Clock: Region X1Y1
-------------------------------------------------------------

+-----------+-------+-----------------+------------+-------------+-----------------+------+-------------+------+-----+----+------+-----+---------+------------------------------------------------------------------------------------------------------------------+
| Global Id | Track | Driver Type/Pin | Constraint | Clock Loads | Non-Clock Loads | FF   | Memory LUTs | RAMB | DSP | GT | MMCM | PLL | Hard IP | Net                                                                                                              |
+-----------+-------+-----------------+------------+-------------+-----------------+------+-------------+------+-----+----+------+-----+---------+------------------------------------------------------------------------------------------------------------------+
| g0        | n/a   | BUFG/O          | None       |        4245 |               0 | 4038 |         168 |    6 |   3 |  0 |    1 |   0 |       0 | Block_Diagram_LCD_i/mig_7series_0/u_Block_Diagram_LCD_mig_7series_0_0_mig/u_ddr3_infrastructure/u_bufg_clkdiv0_0 |
| g1        | n/a   | BUFG/O          | None       |           4 |               0 |    4 |           0 |    0 |   0 |  0 |    0 |   0 |       0 | Block_Diagram_LCD_i/mdm_1/U0/No_Dbg_Reg_Access.BUFG_DRCK/Dbg_Clk_0                                               |
| g2        | n/a   | BUFG/O          | None       |           1 |               0 |    0 |           0 |    0 |   0 |  0 |    0 |   0 |       0 | Block_Diagram_LCD_i/clk_wiz_1/inst/clk_out1                                                                      |
| g4        | n/a   | BUFG/O          | None       |           1 |               0 |    0 |           0 |    0 |   0 |  0 |    0 |   1 |       0 | Block_Diagram_LCD_i/clk_wiz_1/inst/clk_out2                                                                      |
| g6        | n/a   | BUFH/O          | None       |           1 |               0 |    0 |           0 |    0 |   0 |  0 |    1 |   0 |       0 | Block_Diagram_LCD_i/mig_7series_0/u_Block_Diagram_LCD_mig_7series_0_0_mig/u_ddr3_infrastructure/pll_clk3         |
+-----------+-------+-----------------+------------+-------------+-----------------+------+-------------+------+-----+----+------+-----+---------+------------------------------------------------------------------------------------------------------------------+
* Clock Loads column represents cell count of net connects that connect to a clock pin. Internal cell leaf pins are not considered
** Non-Clock Loads column represents cell count of non-clock pin loads
*** Columns FF, LUTRAM, RAMB through 'Hard IP' represents load cell counts


18. Clock Region Cell Placement per Global Clock: Region X0Y2
-------------------------------------------------------------

+-----------+-------+-----------------+------------+-------------+-----------------+-----+-------------+------+-----+----+------+-----+---------+------------------------------------------------------------------------------------------------------------------+
| Global Id | Track | Driver Type/Pin | Constraint | Clock Loads | Non-Clock Loads | FF  | Memory LUTs | RAMB | DSP | GT | MMCM | PLL | Hard IP | Net                                                                                                              |
+-----------+-------+-----------------+------------+-------------+-----------------+-----+-------------+------+-----+----+------+-----+---------+------------------------------------------------------------------------------------------------------------------+
| g0        | n/a   | BUFG/O          | None       |         322 |               1 | 322 |           0 |    0 |   0 |  0 |    0 |   0 |       0 | Block_Diagram_LCD_i/mig_7series_0/u_Block_Diagram_LCD_mig_7series_0_0_mig/u_ddr3_infrastructure/u_bufg_clkdiv0_0 |
| g2        | n/a   | BUFG/O          | None       |          46 |               0 |  45 |           0 |    0 |   0 |  0 |    0 |   0 |       0 | Block_Diagram_LCD_i/clk_wiz_1/inst/clk_out1                                                                      |
+-----------+-------+-----------------+------------+-------------+-----------------+-----+-------------+------+-----+----+------+-----+---------+------------------------------------------------------------------------------------------------------------------+
* Clock Loads column represents cell count of net connects that connect to a clock pin. Internal cell leaf pins are not considered
** Non-Clock Loads column represents cell count of non-clock pin loads
*** Columns FF, LUTRAM, RAMB through 'Hard IP' represents load cell counts


19. Clock Region Cell Placement per Global Clock: Region X1Y2
-------------------------------------------------------------

+-----------+-------+-----------------+------------+-------------+-----------------+-----+-------------+------+-----+----+------+-----+---------+------------------------------------------------------------------------------------------------------------------+
| Global Id | Track | Driver Type/Pin | Constraint | Clock Loads | Non-Clock Loads | FF  | Memory LUTs | RAMB | DSP | GT | MMCM | PLL | Hard IP | Net                                                                                                              |
+-----------+-------+-----------------+------------+-------------+-----------------+-----+-------------+------+-----+----+------+-----+---------+------------------------------------------------------------------------------------------------------------------+
| g0        | n/a   | BUFG/O          | None       |         137 |               0 | 137 |           0 |    0 |   0 |  0 |    0 |   0 |       0 | Block_Diagram_LCD_i/mig_7series_0/u_Block_Diagram_LCD_mig_7series_0_0_mig/u_ddr3_infrastructure/u_bufg_clkdiv0_0 |
| g2        | n/a   | BUFG/O          | None       |          15 |               0 |  15 |           0 |    0 |   0 |  0 |    0 |   0 |       0 | Block_Diagram_LCD_i/clk_wiz_1/inst/clk_out1                                                                      |
| g5        | n/a   | BUFG/O          | None       |           1 |               0 |   0 |           0 |    0 |   0 |  0 |    1 |   0 |       0 | Block_Diagram_LCD_i/clk_wiz_1/inst/clkfbout_buf_Block_Diagram_LCD_clk_wiz_1_0                                    |
+-----------+-------+-----------------+------------+-------------+-----------------+-----+-------------+------+-----+----+------+-----+---------+------------------------------------------------------------------------------------------------------------------+
* Clock Loads column represents cell count of net connects that connect to a clock pin. Internal cell leaf pins are not considered
** Non-Clock Loads column represents cell count of non-clock pin loads
*** Columns FF, LUTRAM, RAMB through 'Hard IP' represents load cell counts



# Location of BUFG Primitives 
set_property LOC BUFGCTRL_X0Y0 [get_cells Block_Diagram_LCD_i/mig_7series_0/u_Block_Diagram_LCD_mig_7series_0_0_mig/u_ddr3_infrastructure/u_bufg_clkdiv0]
set_property LOC BUFGCTRL_X0Y2 [get_cells Block_Diagram_LCD_i/mdm_1/U0/Use_E2.BSCAN_I/Dbg_Update_0_BUFG_inst]
set_property LOC BUFGCTRL_X0Y1 [get_cells Block_Diagram_LCD_i/mdm_1/U0/No_Dbg_Reg_Access.BUFG_DRCK/Using_FPGA.Native]
set_property LOC BUFGCTRL_X0Y18 [get_cells Block_Diagram_LCD_i/clk_wiz_1/inst/clkf_buf]
set_property LOC BUFGCTRL_X0Y17 [get_cells Block_Diagram_LCD_i/clk_wiz_1/inst/clkout2_buf]
set_property LOC BUFGCTRL_X0Y16 [get_cells Block_Diagram_LCD_i/clk_wiz_1/inst/clkout1_buf]

# Location of BUFH Primitives 
set_property LOC BUFHCE_X1Y12 [get_cells Block_Diagram_LCD_i/mig_7series_0/u_Block_Diagram_LCD_mig_7series_0_0_mig/u_ddr3_infrastructure/u_bufh_pll_clk3]

# Location of IO Primitives which is load of clock spine
set_property LOC IOB_X0Y141 [get_cells AXI_CLK_OBUF_inst]

# Location of clock ports
set_property LOC IOB_X1Y126 [get_ports CLK_IN]

# Clock net "Block_Diagram_LCD_i/mig_7series_0/u_Block_Diagram_LCD_mig_7series_0_0_mig/u_ddr3_infrastructure/u_bufg_clkdiv0_0" driven by instance "Block_Diagram_LCD_i/mig_7series_0/u_Block_Diagram_LCD_mig_7series_0_0_mig/u_ddr3_infrastructure/u_bufg_clkdiv0" located at site "BUFGCTRL_X0Y0"
#startgroup
create_pblock {CLKAG_Block_Diagram_LCD_i/mig_7series_0/u_Block_Diagram_LCD_mig_7series_0_0_mig/u_ddr3_infrastructure/u_bufg_clkdiv0_0}
add_cells_to_pblock [get_pblocks  {CLKAG_Block_Diagram_LCD_i/mig_7series_0/u_Block_Diagram_LCD_mig_7series_0_0_mig/u_ddr3_infrastructure/u_bufg_clkdiv0_0}] [get_cells -filter { PRIMITIVE_GROUP != I/O && IS_PRIMITIVE==1 && PRIMITIVE_LEVEL !=INTERNAL && NAME!=Block_Diagram_LCD_i/mig_7series_0/u_Block_Diagram_LCD_mig_7series_0_0_mig/u_ddr3_infrastructure/gen_mmcm.mmcm_i && NAME!=AXI_CLK_OBUF_inst} -of_object [get_pins -filter {DIRECTION==IN} -of_objects [get_nets -hierarchical -filter {PARENT=="Block_Diagram_LCD_i/mig_7series_0/u_Block_Diagram_LCD_mig_7series_0_0_mig/u_ddr3_infrastructure/u_bufg_clkdiv0_0"}]]]
resize_pblock [get_pblocks {CLKAG_Block_Diagram_LCD_i/mig_7series_0/u_Block_Diagram_LCD_mig_7series_0_0_mig/u_ddr3_infrastructure/u_bufg_clkdiv0_0}] -add {CLOCKREGION_X0Y0:CLOCKREGION_X0Y0 CLOCKREGION_X0Y1:CLOCKREGION_X0Y1 CLOCKREGION_X0Y2:CLOCKREGION_X0Y2 CLOCKREGION_X1Y0:CLOCKREGION_X1Y0 CLOCKREGION_X1Y1:CLOCKREGION_X1Y1 CLOCKREGION_X1Y2:CLOCKREGION_X1Y2}
#endgroup

# Clock net "Block_Diagram_LCD_i/mdm_1/U0/Use_E2.BSCAN_I/Dbg_Update_0_BUFG" driven by instance "Block_Diagram_LCD_i/mdm_1/U0/Use_E2.BSCAN_I/Dbg_Update_0_BUFG_inst" located at site "BUFGCTRL_X0Y2"
#startgroup
create_pblock {CLKAG_Block_Diagram_LCD_i/mdm_1/U0/Use_E2.BSCAN_I/Dbg_Update_0_BUFG}
add_cells_to_pblock [get_pblocks  {CLKAG_Block_Diagram_LCD_i/mdm_1/U0/Use_E2.BSCAN_I/Dbg_Update_0_BUFG}] [get_cells -filter { PRIMITIVE_GROUP != I/O && IS_PRIMITIVE==1 && PRIMITIVE_LEVEL !=INTERNAL } -of_object [get_pins -filter {DIRECTION==IN} -of_objects [get_nets -hierarchical -filter {PARENT=="Block_Diagram_LCD_i/mdm_1/U0/Use_E2.BSCAN_I/Dbg_Update_0_BUFG"}]]]
resize_pblock [get_pblocks {CLKAG_Block_Diagram_LCD_i/mdm_1/U0/Use_E2.BSCAN_I/Dbg_Update_0_BUFG}] -add {CLOCKREGION_X0Y0:CLOCKREGION_X0Y0 CLOCKREGION_X0Y1:CLOCKREGION_X0Y1}
#endgroup

# Clock net "Block_Diagram_LCD_i/mdm_1/U0/No_Dbg_Reg_Access.BUFG_DRCK/Dbg_Clk_0" driven by instance "Block_Diagram_LCD_i/mdm_1/U0/No_Dbg_Reg_Access.BUFG_DRCK/Using_FPGA.Native" located at site "BUFGCTRL_X0Y1"
#startgroup
create_pblock {CLKAG_Block_Diagram_LCD_i/mdm_1/U0/No_Dbg_Reg_Access.BUFG_DRCK/Dbg_Clk_0}
add_cells_to_pblock [get_pblocks  {CLKAG_Block_Diagram_LCD_i/mdm_1/U0/No_Dbg_Reg_Access.BUFG_DRCK/Dbg_Clk_0}] [get_cells -filter { PRIMITIVE_GROUP != I/O && IS_PRIMITIVE==1 && PRIMITIVE_LEVEL !=INTERNAL } -of_object [get_pins -filter {DIRECTION==IN} -of_objects [get_nets -hierarchical -filter {PARENT=="Block_Diagram_LCD_i/mdm_1/U0/No_Dbg_Reg_Access.BUFG_DRCK/Dbg_Clk_0"}]]]
resize_pblock [get_pblocks {CLKAG_Block_Diagram_LCD_i/mdm_1/U0/No_Dbg_Reg_Access.BUFG_DRCK/Dbg_Clk_0}] -add {CLOCKREGION_X0Y0:CLOCKREGION_X0Y0 CLOCKREGION_X0Y1:CLOCKREGION_X0Y1 CLOCKREGION_X1Y0:CLOCKREGION_X1Y0 CLOCKREGION_X1Y1:CLOCKREGION_X1Y1}
#endgroup

# Clock net "Block_Diagram_LCD_i/clk_wiz_1/inst/clk_out1" driven by instance "Block_Diagram_LCD_i/clk_wiz_1/inst/clkout1_buf" located at site "BUFGCTRL_X0Y16"
#startgroup
create_pblock {CLKAG_Block_Diagram_LCD_i/clk_wiz_1/inst/clk_out1}
add_cells_to_pblock [get_pblocks  {CLKAG_Block_Diagram_LCD_i/clk_wiz_1/inst/clk_out1}] [get_cells -filter { PRIMITIVE_GROUP != I/O && IS_PRIMITIVE==1 && PRIMITIVE_LEVEL !=INTERNAL } -of_object [get_pins -filter {DIRECTION==IN} -of_objects [get_nets -hierarchical -filter {PARENT=="Block_Diagram_LCD_i/clk_wiz_1/inst/clk_out1"}]]]
resize_pblock [get_pblocks {CLKAG_Block_Diagram_LCD_i/clk_wiz_1/inst/clk_out1}] -add {CLOCKREGION_X0Y2:CLOCKREGION_X0Y2 CLOCKREGION_X1Y1:CLOCKREGION_X1Y1 CLOCKREGION_X1Y2:CLOCKREGION_X1Y2}
#endgroup
